<?xml version="1.0" encoding="UTF-8"?>
<coverage generated="1696135346777" clover="3.2.0">
  <project timestamp="1696135346778" name="All files">
    <metrics statements="286" coveredstatements="263" conditionals="18" coveredconditionals="17" methods="100" coveredmethods="78" elements="404" coveredelements="358" complexity="0" loc="286" ncloc="286" packages="6" files="10" classes="10"/>
    <package name="config">
      <metrics statements="71" coveredstatements="70" conditionals="1" coveredconditionals="0" methods="9" coveredmethods="9"/>
      <file name="BridgeProjectFactory.ts" path="C:\Users\Eric Tran\Desktop\p03_gbl\src\config\BridgeProjectFactory.ts">
        <metrics statements="71" coveredstatements="70" conditionals="1" coveredconditionals="0" methods="9" coveredmethods="9"/>
        <line num="2" count="1" type="stmt"/>
        <line num="4" count="1" type="stmt"/>
        <line num="5" count="1" type="stmt"/>
        <line num="6" count="1" type="stmt"/>
        <line num="7" count="1" type="stmt"/>
        <line num="8" count="1" type="stmt"/>
        <line num="9" count="1" type="stmt"/>
        <line num="10" count="1" type="stmt"/>
        <line num="13" count="1" type="stmt"/>
        <line num="22" count="1" type="stmt"/>
        <line num="25" count="1" type="stmt"/>
        <line num="28" count="1" type="stmt"/>
        <line num="31" count="1" type="stmt"/>
        <line num="34" count="1" type="stmt"/>
        <line num="37" count="1" type="stmt"/>
        <line num="40" count="1" type="stmt"/>
        <line num="58" count="1" type="stmt"/>
        <line num="61" count="1" type="stmt"/>
        <line num="66" count="1" type="stmt"/>
        <line num="67" count="1" type="stmt"/>
        <line num="71" count="1" type="stmt"/>
        <line num="72" count="9" type="stmt"/>
        <line num="74" count="9" type="stmt"/>
        <line num="78" count="9" type="stmt"/>
        <line num="81" count="9" type="stmt"/>
        <line num="82" count="8" type="stmt"/>
        <line num="85" count="8" type="cond" truecount="0" falsecount="1"/>
        <line num="86" count="0" type="stmt"/>
        <line num="91" count="9" type="stmt"/>
        <line num="92" count="9" type="stmt"/>
        <line num="95" count="1" type="stmt"/>
        <line num="99" count="1" type="stmt"/>
        <line num="100" count="1" type="stmt"/>
        <line num="102" count="1" type="stmt"/>
        <line num="103" count="1" type="stmt"/>
        <line num="111" count="1" type="stmt"/>
        <line num="114" count="1" type="stmt"/>
        <line num="118" count="1" type="stmt"/>
        <line num="123" count="1" type="stmt"/>
        <line num="124" count="1" type="stmt"/>
        <line num="126" count="1" type="stmt"/>
        <line num="127" count="8" type="stmt"/>
        <line num="130" count="1" type="stmt"/>
        <line num="131" count="3" type="stmt"/>
        <line num="139" count="3" type="stmt"/>
        <line num="140" count="3" type="stmt"/>
        <line num="144" count="1" type="stmt"/>
        <line num="149" count="1" type="stmt"/>
        <line num="150" count="1" type="stmt"/>
        <line num="152" count="1" type="stmt"/>
        <line num="153" count="2" type="stmt"/>
        <line num="155" count="2" type="stmt"/>
        <line num="156" count="2" type="stmt"/>
        <line num="159" count="1" type="stmt"/>
        <line num="163" count="1" type="stmt"/>
        <line num="164" count="1" type="stmt"/>
        <line num="166" count="1" type="stmt"/>
        <line num="167" count="1" type="stmt"/>
        <line num="170" count="1" type="stmt"/>
        <line num="171" count="1" type="stmt"/>
        <line num="173" count="1" type="stmt"/>
        <line num="178" count="1" type="stmt"/>
        <line num="179" count="1" type="stmt"/>
        <line num="181" count="1" type="stmt"/>
        <line num="182" count="1" type="stmt"/>
        <line num="183" count="1" type="stmt"/>
        <line num="186" count="1" type="stmt"/>
        <line num="187" count="2" type="stmt"/>
        <line num="192" count="1" type="stmt"/>
        <line num="193" count="1" type="stmt"/>
        <line num="198" count="1" type="stmt"/>
      </file>
    </package>
    <package name="gameobject">
      <metrics statements="76" coveredstatements="68" conditionals="4" coveredconditionals="4" methods="36" coveredmethods="28"/>
      <file name="RiskManagementTool.ts" path="C:\Users\Eric Tran\Desktop\p03_gbl\src\gameobject\RiskManagementTool.ts">
        <metrics statements="33" coveredstatements="33" conditionals="2" coveredconditionals="2" methods="15" coveredmethods="15"/>
        <line num="4" count="2" type="stmt"/>
        <line num="6" count="19" type="stmt"/>
        <line num="7" count="19" type="stmt"/>
        <line num="8" count="19" type="stmt"/>
        <line num="9" count="19" type="stmt"/>
        <line num="10" count="19" type="stmt"/>
        <line num="11" count="19" type="stmt"/>
        <line num="12" count="19" type="stmt"/>
        <line num="15" count="19" type="stmt"/>
        <line num="16" count="19" type="stmt"/>
        <line num="17" count="19" type="stmt"/>
        <line num="18" count="19" type="stmt"/>
        <line num="19" count="19" type="stmt"/>
        <line num="20" count="19" type="stmt"/>
        <line num="21" count="19" type="stmt"/>
        <line num="29" count="101" type="stmt"/>
        <line num="33" count="100" type="stmt"/>
        <line num="36" count="101" type="stmt"/>
        <line num="40" count="201" type="cond" truecount="1" falsecount="0"/>
        <line num="41" count="100" type="stmt"/>
        <line num="43" count="101" type="stmt"/>
        <line num="46" count="101" type="stmt"/>
        <line num="50" count="201" type="cond" truecount="1" falsecount="0"/>
        <line num="51" count="100" type="stmt"/>
        <line num="53" count="101" type="stmt"/>
        <line num="56" count="2" type="stmt"/>
        <line num="60" count="2" type="stmt"/>
        <line num="63" count="102" type="stmt"/>
        <line num="67" count="102" type="stmt"/>
        <line num="70" count="102" type="stmt"/>
        <line num="74" count="102" type="stmt"/>
        <line num="77" count="102" type="stmt"/>
        <line num="81" count="102" type="stmt"/>
      </file>
      <file name="Task.ts" path="C:\Users\Eric Tran\Desktop\p03_gbl\src\gameobject\Task.ts">
        <metrics statements="26" coveredstatements="26" conditionals="2" coveredconditionals="2" methods="12" coveredmethods="12"/>
        <line num="5" count="2" type="stmt"/>
        <line num="7" count="239" type="stmt"/>
        <line num="8" count="239" type="stmt"/>
        <line num="9" count="239" type="stmt"/>
        <line num="10" count="239" type="stmt"/>
        <line num="11" count="239" type="stmt"/>
        <line num="15" count="239" type="cond" truecount="1" falsecount="0"/>
        <line num="16" count="101" type="stmt"/>
        <line num="19" count="138" type="stmt"/>
        <line num="20" count="138" type="stmt"/>
        <line num="21" count="138" type="stmt"/>
        <line num="22" count="138" type="stmt"/>
        <line num="23" count="138" type="stmt"/>
        <line num="27" count="211" type="stmt"/>
        <line num="31" count="202" type="cond" truecount="1" falsecount="0"/>
        <line num="32" count="101" type="stmt"/>
        <line num="35" count="101" type="stmt"/>
        <line num="39" count="2" type="stmt"/>
        <line num="43" count="2" type="stmt"/>
        <line num="47" count="100" type="stmt"/>
        <line num="51" count="100" type="stmt"/>
        <line num="55" count="6" type="stmt"/>
        <line num="59" count="3" type="stmt"/>
        <line num="63" count="9" type="stmt"/>
        <line num="67" count="3" type="stmt"/>
        <line num="71" count="11" type="stmt"/>
      </file>
      <file name="Week.ts" path="C:\Users\Eric Tran\Desktop\p03_gbl\src\gameobject\Week.ts">
        <metrics statements="17" coveredstatements="9" conditionals="0" coveredconditionals="0" methods="9" coveredmethods="1"/>
        <line num="4" count="1" type="stmt"/>
        <line num="6" count="1" type="stmt"/>
        <line num="7" count="1" type="stmt"/>
        <line num="8" count="1" type="stmt"/>
        <line num="9" count="1" type="stmt"/>
        <line num="12" count="1" type="stmt"/>
        <line num="13" count="1" type="stmt"/>
        <line num="14" count="1" type="stmt"/>
        <line num="15" count="1" type="stmt"/>
        <line num="21" count="0" type="stmt"/>
        <line num="25" count="0" type="stmt"/>
        <line num="28" count="0" type="stmt"/>
        <line num="32" count="0" type="stmt"/>
        <line num="35" count="0" type="stmt"/>
        <line num="39" count="0" type="stmt"/>
        <line num="42" count="0" type="stmt"/>
        <line num="46" count="0" type="stmt"/>
      </file>
    </package>
    <package name="gameobject.contractor">
      <metrics statements="62" coveredstatements="62" conditionals="9" coveredconditionals="9" methods="19" coveredmethods="19"/>
      <file name="Contractor.ts" path="C:\Users\Eric Tran\Desktop\p03_gbl\src\gameobject\contractor\Contractor.ts">
        <metrics statements="53" coveredstatements="53" conditionals="7" coveredconditionals="7" methods="18" coveredmethods="18"/>
        <line num="3" count="3" type="stmt"/>
        <line num="5" count="458" type="stmt"/>
        <line num="6" count="458" type="stmt"/>
        <line num="7" count="458" type="stmt"/>
        <line num="10" count="458" type="stmt"/>
        <line num="11" count="458" type="stmt"/>
        <line num="12" count="458" type="stmt"/>
        <line num="13" count="458" type="stmt"/>
        <line num="14" count="458" type="stmt"/>
        <line num="19" count="458" type="cond" truecount="1" falsecount="0"/>
        <line num="20" count="101" type="stmt"/>
        <line num="22" count="357" type="cond" truecount="1" falsecount="0"/>
        <line num="23" count="101" type="stmt"/>
        <line num="26" count="256" type="stmt"/>
        <line num="27" count="256" type="stmt"/>
        <line num="28" count="256" type="stmt"/>
        <line num="29" count="256" type="stmt"/>
        <line num="31" count="256" type="stmt"/>
        <line num="32" count="256" type="stmt"/>
        <line num="33" count="256" type="stmt"/>
        <line num="35" count="256" type="stmt"/>
        <line num="36" count="256" type="stmt"/>
        <line num="37" count="256" type="stmt"/>
        <line num="38" count="256" type="stmt"/>
        <line num="40" count="256" type="stmt"/>
        <line num="42" count="256" type="stmt"/>
        <line num="47" count="2524" type="cond" truecount="3" falsecount="0"/>
        <line num="48" count="1000" type="stmt"/>
        <line num="54" count="214" type="stmt"/>
        <line num="58" count="202" type="cond" truecount="1" falsecount="0"/>
        <line num="59" count="101" type="stmt"/>
        <line num="61" count="101" type="stmt"/>
        <line num="65" count="8" type="stmt"/>
        <line num="69" count="8" type="stmt"/>
        <line num="72" count="202" type="stmt"/>
        <line num="76" count="202" type="cond" truecount="1" falsecount="0"/>
        <line num="77" count="101" type="stmt"/>
        <line num="79" count="101" type="stmt"/>
        <line num="83" count="100" type="stmt"/>
        <line num="87" count="300" type="stmt"/>
        <line num="88" count="100" type="stmt"/>
        <line num="92" count="100" type="stmt"/>
        <line num="96" count="300" type="stmt"/>
        <line num="97" count="100" type="stmt"/>
        <line num="101" count="100" type="stmt"/>
        <line num="105" count="300" type="stmt"/>
        <line num="106" count="100" type="stmt"/>
        <line num="109" count="100" type="stmt"/>
        <line num="113" count="300" type="stmt"/>
        <line num="114" count="100" type="stmt"/>
        <line num="118" count="100" type="stmt"/>
        <line num="122" count="300" type="stmt"/>
        <line num="123" count="100" type="stmt"/>
      </file>
      <file name="ContractorType.ts" path="C:\Users\Eric Tran\Desktop\p03_gbl\src\gameobject\contractor\ContractorType.ts">
        <metrics statements="9" coveredstatements="9" conditionals="2" coveredconditionals="2" methods="1" coveredmethods="1"/>
        <line num="1" count="2" type="cond" truecount="2" falsecount="0"/>
        <line num="4" count="2" type="stmt"/>
        <line num="5" count="2" type="stmt"/>
        <line num="6" count="2" type="stmt"/>
        <line num="7" count="2" type="stmt"/>
        <line num="8" count="2" type="stmt"/>
        <line num="9" count="2" type="stmt"/>
        <line num="10" count="2" type="stmt"/>
        <line num="11" count="2" type="stmt"/>
      </file>
    </package>
    <package name="gameobject.event">
      <metrics statements="21" coveredstatements="21" conditionals="0" coveredconditionals="0" methods="11" coveredmethods="11"/>
      <file name="Event.ts" path="C:\Users\Eric Tran\Desktop\p03_gbl\src\gameobject\event\Event.ts">
        <metrics statements="21" coveredstatements="21" conditionals="0" coveredconditionals="0" methods="11" coveredmethods="11"/>
        <line num="1" count="3" type="stmt"/>
        <line num="3" count="15" type="stmt"/>
        <line num="4" count="15" type="stmt"/>
        <line num="5" count="15" type="stmt"/>
        <line num="6" count="15" type="stmt"/>
        <line num="7" count="15" type="stmt"/>
        <line num="10" count="15" type="stmt"/>
        <line num="11" count="15" type="stmt"/>
        <line num="12" count="15" type="stmt"/>
        <line num="13" count="15" type="stmt"/>
        <line num="14" count="15" type="stmt"/>
        <line num="18" count="102" type="stmt"/>
        <line num="22" count="100" type="stmt"/>
        <line num="25" count="100" type="stmt"/>
        <line num="29" count="100" type="stmt"/>
        <line num="32" count="102" type="stmt"/>
        <line num="36" count="102" type="stmt"/>
        <line num="39" count="102" type="stmt"/>
        <line num="43" count="102" type="stmt"/>
        <line num="46" count="102" type="stmt"/>
        <line num="50" count="102" type="stmt"/>
      </file>
    </package>
    <package name="gameobject.material">
      <metrics statements="27" coveredstatements="27" conditionals="4" coveredconditionals="4" methods="10" coveredmethods="10"/>
      <file name="Material.ts" path="C:\Users\Eric Tran\Desktop\p03_gbl\src\gameobject\material\Material.ts">
        <metrics statements="21" coveredstatements="21" conditionals="2" coveredconditionals="2" methods="9" coveredmethods="9"/>
        <line num="5" count="2" type="stmt"/>
        <line num="7" count="17" type="stmt"/>
        <line num="8" count="17" type="stmt"/>
        <line num="9" count="17" type="stmt"/>
        <line num="10" count="17" type="stmt"/>
        <line num="13" count="17" type="stmt"/>
        <line num="14" count="17" type="stmt"/>
        <line num="15" count="17" type="stmt"/>
        <line num="16" count="17" type="stmt"/>
        <line num="20" count="103" type="stmt"/>
        <line num="24" count="100" type="stmt"/>
        <line num="27" count="5" type="stmt"/>
        <line num="31" count="5" type="stmt"/>
        <line num="36" count="101" type="stmt"/>
        <line num="40" count="202" type="cond" truecount="1" falsecount="0"/>
        <line num="41" count="101" type="stmt"/>
        <line num="43" count="101" type="stmt"/>
        <line num="47" count="101" type="stmt"/>
        <line num="51" count="202" type="cond" truecount="1" falsecount="0"/>
        <line num="52" count="101" type="stmt"/>
        <line num="54" count="101" type="stmt"/>
      </file>
      <file name="MaterialCategory.ts" path="C:\Users\Eric Tran\Desktop\p03_gbl\src\gameobject\material\MaterialCategory.ts">
        <metrics statements="6" coveredstatements="6" conditionals="2" coveredconditionals="2" methods="1" coveredmethods="1"/>
        <line num="2" count="1" type="cond" truecount="2" falsecount="0"/>
        <line num="3" count="1" type="stmt"/>
        <line num="4" count="1" type="stmt"/>
        <line num="5" count="1" type="stmt"/>
        <line num="6" count="1" type="stmt"/>
        <line num="7" count="1" type="stmt"/>
      </file>
    </package>
    <package name="gameobject.project">
      <metrics statements="29" coveredstatements="15" conditionals="0" coveredconditionals="0" methods="15" coveredmethods="1"/>
      <file name="BridgeProject.ts" path="C:\Users\Eric Tran\Desktop\p03_gbl\src\gameobject\project\BridgeProject.ts">
        <metrics statements="29" coveredstatements="15" conditionals="0" coveredconditionals="0" methods="15" coveredmethods="1"/>
        <line num="8" count="1" type="stmt"/>
        <line num="9" count="1" type="stmt"/>
        <line num="10" count="1" type="stmt"/>
        <line num="11" count="1" type="stmt"/>
        <line num="12" count="1" type="stmt"/>
        <line num="13" count="1" type="stmt"/>
        <line num="14" count="1" type="stmt"/>
        <line num="15" count="1" type="stmt"/>
        <line num="18" count="1" type="stmt"/>
        <line num="19" count="1" type="stmt"/>
        <line num="20" count="1" type="stmt"/>
        <line num="21" count="1" type="stmt"/>
        <line num="22" count="1" type="stmt"/>
        <line num="23" count="1" type="stmt"/>
        <line num="24" count="1" type="stmt"/>
        <line num="28" count="0" type="stmt"/>
        <line num="32" count="0" type="stmt"/>
        <line num="35" count="0" type="stmt"/>
        <line num="39" count="0" type="stmt"/>
        <line num="42" count="0" type="stmt"/>
        <line num="46" count="0" type="stmt"/>
        <line num="49" count="0" type="stmt"/>
        <line num="53" count="0" type="stmt"/>
        <line num="56" count="0" type="stmt"/>
        <line num="60" count="0" type="stmt"/>
        <line num="63" count="0" type="stmt"/>
        <line num="67" count="0" type="stmt"/>
        <line num="70" count="0" type="stmt"/>
        <line num="74" count="0" type="stmt"/>
      </file>
    </package>
  </project>
</coverage>
