{"C:\\Users\\Eric Tran\\Desktop\\p03_gbl\\src\\config\\BridgeProjectFactory.ts": {"path":"C:\\Users\\Eric Tran\\Desktop\\p03_gbl\\src\\config\\BridgeProjectFactory.ts","statementMap":{"0":{"start":{"line":2,"column":0},"end":{"line":2,"column":41}},"1":{"start":{"line":4,"column":0},"end":{"line":4,"column":41}},"2":{"start":{"line":5,"column":0},"end":{"line":5,"column":64}},"3":{"start":{"line":6,"column":0},"end":{"line":6,"column":74}},"4":{"start":{"line":7,"column":0},"end":{"line":7,"column":58}},"5":{"start":{"line":8,"column":0},"end":{"line":8,"column":69}},"6":{"start":{"line":9,"column":0},"end":{"line":9,"column":48}},"7":{"start":{"line":10,"column":0},"end":{"line":10,"column":67}},"8":{"start":{"line":22,"column":21},"end":{"line":22,"column":34}},"9":{"start":{"line":25,"column":41},"end":{"line":25,"column":63}},"10":{"start":{"line":28,"column":53},"end":{"line":28,"column":81}},"11":{"start":{"line":31,"column":49},"end":{"line":31,"column":75}},"12":{"start":{"line":34,"column":43},"end":{"line":34,"column":66}},"13":{"start":{"line":37,"column":69},"end":{"line":37,"column":113}},"14":{"start":{"line":40,"column":30},"end":{"line":40,"column":60}},"15":{"start":{"line":58,"column":33},"end":{"line":59,"column":64}},"16":{"start":{"line":61,"column":8},"end":{"line":61,"column":23}},"17":{"start":{"line":66,"column":26},"end":{"line":66,"column":36}},"18":{"start":{"line":67,"column":41},"end":{"line":67,"column":50}},"19":{"start":{"line":71,"column":8},"end":{"line":94,"column":null}},"20":{"start":{"line":71,"column":29},"end":{"line":71,"column":49}},"21":{"start":{"line":72,"column":29},"end":{"line":72,"column":41}},"22":{"start":{"line":74,"column":30},"end":{"line":74,"column":48}},"23":{"start":{"line":78,"column":40},"end":{"line":78,"column":42}},"24":{"start":{"line":81,"column":12},"end":{"line":89,"column":null}},"25":{"start":{"line":81,"column":33},"end":{"line":81,"column":34}},"26":{"start":{"line":82,"column":28},"end":{"line":82,"column":40}},"27":{"start":{"line":85,"column":16},"end":{"line":87,"column":null}},"28":{"start":{"line":86,"column":20},"end":{"line":86,"column":53}},"29":{"start":{"line":91,"column":31},"end":{"line":91,"column":91}},"30":{"start":{"line":92,"column":12},"end":{"line":92,"column":41}},"31":{"start":{"line":95,"column":8},"end":{"line":95,"column":21}},"32":{"start":{"line":99,"column":32},"end":{"line":99,"column":48}},"33":{"start":{"line":100,"column":53},"end":{"line":100,"column":62}},"34":{"start":{"line":102,"column":8},"end":{"line":116,"column":null}},"35":{"start":{"line":102,"column":29},"end":{"line":102,"column":30}},"36":{"start":{"line":103,"column":35},"end":{"line":103,"column":53}},"37":{"start":{"line":111,"column":43},"end":{"line":112,"column":120}},"38":{"start":{"line":114,"column":12},"end":{"line":114,"column":65}},"39":{"start":{"line":118,"column":8},"end":{"line":118,"column":27}},"40":{"start":{"line":123,"column":30},"end":{"line":123,"column":44}},"41":{"start":{"line":124,"column":49},"end":{"line":124,"column":58}},"42":{"start":{"line":126,"column":40},"end":{"line":128,"column":10}},"43":{"start":{"line":127,"column":12},"end":{"line":127,"column":40}},"44":{"start":{"line":130,"column":8},"end":{"line":142,"column":null}},"45":{"start":{"line":130,"column":29},"end":{"line":130,"column":30}},"46":{"start":{"line":131,"column":33},"end":{"line":131,"column":49}},"47":{"start":{"line":139,"column":39},"end":{"line":139,"column":136}},"48":{"start":{"line":140,"column":12},"end":{"line":140,"column":null}},"49":{"start":{"line":144,"column":8},"end":{"line":144,"column":25}},"50":{"start":{"line":149,"column":27},"end":{"line":149,"column":38}},"51":{"start":{"line":150,"column":43},"end":{"line":150,"column":52}},"52":{"start":{"line":152,"column":8},"end":{"line":157,"column":null}},"53":{"start":{"line":152,"column":29},"end":{"line":152,"column":30}},"54":{"start":{"line":153,"column":30},"end":{"line":153,"column":43}},"55":{"start":{"line":155,"column":33},"end":{"line":155,"column":149}},"56":{"start":{"line":156,"column":12},"end":{"line":156,"column":45}},"57":{"start":{"line":159,"column":8},"end":{"line":159,"column":22}},"58":{"start":{"line":163,"column":40},"end":{"line":163,"column":64}},"59":{"start":{"line":164,"column":69},"end":{"line":164,"column":78}},"60":{"start":{"line":166,"column":8},"end":{"line":172,"column":null}},"61":{"start":{"line":166,"column":29},"end":{"line":166,"column":30}},"62":{"start":{"line":167,"column":28},"end":{"line":167,"column":54}},"63":{"start":{"line":170,"column":59},"end":{"line":170,"column":204}},"64":{"start":{"line":171,"column":12},"end":{"line":171,"column":81}},"65":{"start":{"line":173,"column":8},"end":{"line":173,"column":35}},"66":{"start":{"line":178,"column":26},"end":{"line":178,"column":36}},"67":{"start":{"line":179,"column":30},"end":{"line":179,"column":32}},"68":{"start":{"line":181,"column":8},"end":{"line":196,"column":null}},"69":{"start":{"line":181,"column":29},"end":{"line":181,"column":30}},"70":{"start":{"line":182,"column":29},"end":{"line":182,"column":41}},"71":{"start":{"line":183,"column":51},"end":{"line":183,"column":60}},"72":{"start":{"line":186,"column":12},"end":{"line":188,"column":null}},"73":{"start":{"line":187,"column":16},"end":{"line":187,"column":56}},"74":{"start":{"line":192,"column":31},"end":{"line":192,"column":114}},"75":{"start":{"line":193,"column":12},"end":{"line":193,"column":29}},"76":{"start":{"line":198,"column":8},"end":{"line":198,"column":21}},"77":{"start":{"line":13,"column":0},"end":{"line":13,"column":21}}},"fnMap":{"0":{"name":"(anonymous_1)","decl":{"start":{"line":15,"column":4},"end":{"line":15,"column":19}},"loc":{"start":{"line":15,"column":4},"end":{"line":15,"column":20}}},"1":{"name":"(anonymous_2)","decl":{"start":{"line":20,"column":4},"end":{"line":20,"column":22}},"loc":{"start":{"line":20,"column":35},"end":{"line":63,"column":5}}},"2":{"name":"(anonymous_3)","decl":{"start":{"line":65,"column":4},"end":{"line":65,"column":15}},"loc":{"start":{"line":65,"column":25},"end":{"line":97,"column":5}}},"3":{"name":"(anonymous_4)","decl":{"start":{"line":98,"column":4},"end":{"line":98,"column":21}},"loc":{"start":{"line":98,"column":31},"end":{"line":120,"column":5}}},"4":{"name":"(anonymous_5)","decl":{"start":{"line":122,"column":4},"end":{"line":122,"column":19}},"loc":{"start":{"line":122,"column":29},"end":{"line":145,"column":5}}},"5":{"name":"(anonymous_6)","decl":{"start":{"line":126,"column":75},"end":{"line":126,"column":76}},"loc":{"start":{"line":126,"column":85},"end":{"line":128,"column":9}}},"6":{"name":"(anonymous_7)","decl":{"start":{"line":148,"column":4},"end":{"line":148,"column":16}},"loc":{"start":{"line":148,"column":26},"end":{"line":160,"column":5}}},"7":{"name":"(anonymous_8)","decl":{"start":{"line":162,"column":4},"end":{"line":162,"column":29}},"loc":{"start":{"line":162,"column":67},"end":{"line":175,"column":5}}},"8":{"name":"(anonymous_9)","decl":{"start":{"line":177,"column":4},"end":{"line":177,"column":15}},"loc":{"start":{"line":177,"column":56},"end":{"line":200,"column":5}}}},"branchMap":{"0":{"loc":{"start":{"line":85,"column":16},"end":{"line":87,"column":null}},"type":"if","locations":[{"start":{"line":85,"column":16},"end":{"line":87,"column":null}}]}},"s":{"0":1,"1":1,"2":1,"3":1,"4":1,"5":1,"6":1,"7":1,"8":1,"9":1,"10":1,"11":1,"12":1,"13":1,"14":1,"15":1,"16":1,"17":1,"18":1,"19":1,"20":1,"21":9,"22":9,"23":9,"24":9,"25":9,"26":8,"27":8,"28":0,"29":9,"30":9,"31":1,"32":1,"33":1,"34":1,"35":1,"36":1,"37":1,"38":1,"39":1,"40":1,"41":1,"42":1,"43":8,"44":1,"45":1,"46":3,"47":3,"48":3,"49":1,"50":1,"51":1,"52":1,"53":1,"54":2,"55":2,"56":2,"57":1,"58":1,"59":1,"60":1,"61":1,"62":1,"63":1,"64":1,"65":1,"66":1,"67":1,"68":1,"69":1,"70":1,"71":1,"72":1,"73":2,"74":1,"75":1,"76":1,"77":1},"f":{"0":1,"1":1,"2":1,"3":1,"4":1,"5":8,"6":1,"7":1,"8":1},"b":{"0":[0]}}
,"C:\\Users\\Eric Tran\\Desktop\\p03_gbl\\src\\gameobject\\RiskManagementTool.ts": {"path":"C:\\Users\\Eric Tran\\Desktop\\p03_gbl\\src\\gameobject\\RiskManagementTool.ts","statementMap":{"0":{"start":{"line":6,"column":12},"end":{"line":6,"column":null}},"1":{"start":{"line":7,"column":12},"end":{"line":7,"column":null}},"2":{"start":{"line":8,"column":12},"end":{"line":8,"column":null}},"3":{"start":{"line":9,"column":12},"end":{"line":9,"column":null}},"4":{"start":{"line":10,"column":12},"end":{"line":10,"column":null}},"5":{"start":{"line":11,"column":12},"end":{"line":11,"column":null}},"6":{"start":{"line":12,"column":12},"end":{"line":12,"column":null}},"7":{"start":{"line":15,"column":8},"end":{"line":15,"column":26}},"8":{"start":{"line":16,"column":8},"end":{"line":16,"column":28}},"9":{"start":{"line":17,"column":8},"end":{"line":17,"column":26}},"10":{"start":{"line":18,"column":8},"end":{"line":18,"column":28}},"11":{"start":{"line":19,"column":8},"end":{"line":19,"column":32}},"12":{"start":{"line":20,"column":8},"end":{"line":20,"column":34}},"13":{"start":{"line":21,"column":8},"end":{"line":21,"column":32}},"14":{"start":{"line":25,"column":8},"end":{"line":25,"column":51}},"15":{"start":{"line":29,"column":8},"end":{"line":29,"column":26}},"16":{"start":{"line":33,"column":8},"end":{"line":33,"column":27}},"17":{"start":{"line":36,"column":8},"end":{"line":36,"column":29}},"18":{"start":{"line":40,"column":8},"end":{"line":40,"column":30}},"19":{"start":{"line":43,"column":8},"end":{"line":43,"column":27}},"20":{"start":{"line":47,"column":8},"end":{"line":47,"column":28}},"21":{"start":{"line":50,"column":8},"end":{"line":50,"column":26}},"22":{"start":{"line":54,"column":8},"end":{"line":54,"column":27}},"23":{"start":{"line":57,"column":8},"end":{"line":57,"column":27}},"24":{"start":{"line":61,"column":8},"end":{"line":61,"column":28}},"25":{"start":{"line":65,"column":8},"end":{"line":65,"column":30}},"26":{"start":{"line":69,"column":8},"end":{"line":69,"column":31}},"27":{"start":{"line":72,"column":8},"end":{"line":72,"column":29}},"28":{"start":{"line":76,"column":8},"end":{"line":76,"column":30}},"29":{"start":{"line":4,"column":0},"end":{"line":4,"column":21}}},"fnMap":{"0":{"name":"(anonymous_0)","decl":{"start":{"line":14,"column":4},"end":{"line":14,"column":16}},"loc":{"start":{"line":14,"column":124},"end":{"line":22,"column":5}}},"1":{"name":"(anonymous_1)","decl":{"start":{"line":24,"column":4},"end":{"line":24,"column":12}},"loc":{"start":{"line":24,"column":12},"end":{"line":26,"column":5}}},"2":{"name":"(anonymous_2)","decl":{"start":{"line":28,"column":4},"end":{"line":28,"column":8}},"loc":{"start":{"line":28,"column":12},"end":{"line":30,"column":5}}},"3":{"name":"(anonymous_3)","decl":{"start":{"line":32,"column":4},"end":{"line":32,"column":8}},"loc":{"start":{"line":32,"column":26},"end":{"line":34,"column":5}}},"4":{"name":"(anonymous_4)","decl":{"start":{"line":35,"column":4},"end":{"line":35,"column":8}},"loc":{"start":{"line":35,"column":15},"end":{"line":37,"column":5}}},"5":{"name":"(anonymous_5)","decl":{"start":{"line":39,"column":4},"end":{"line":39,"column":8}},"loc":{"start":{"line":39,"column":29},"end":{"line":41,"column":5}}},"6":{"name":"(anonymous_6)","decl":{"start":{"line":42,"column":4},"end":{"line":42,"column":8}},"loc":{"start":{"line":42,"column":13},"end":{"line":44,"column":5}}},"7":{"name":"(anonymous_7)","decl":{"start":{"line":46,"column":4},"end":{"line":46,"column":8}},"loc":{"start":{"line":46,"column":27},"end":{"line":48,"column":5}}},"8":{"name":"(anonymous_8)","decl":{"start":{"line":49,"column":4},"end":{"line":49,"column":8}},"loc":{"start":{"line":49,"column":12},"end":{"line":51,"column":5}}},"9":{"name":"(anonymous_9)","decl":{"start":{"line":53,"column":4},"end":{"line":53,"column":8}},"loc":{"start":{"line":53,"column":26},"end":{"line":55,"column":5}}},"10":{"name":"(anonymous_10)","decl":{"start":{"line":56,"column":4},"end":{"line":56,"column":8}},"loc":{"start":{"line":56,"column":13},"end":{"line":58,"column":5}}},"11":{"name":"(anonymous_11)","decl":{"start":{"line":60,"column":4},"end":{"line":60,"column":8}},"loc":{"start":{"line":60,"column":26},"end":{"line":62,"column":5}}},"12":{"name":"(anonymous_12)","decl":{"start":{"line":64,"column":4},"end":{"line":64,"column":8}},"loc":{"start":{"line":64,"column":16},"end":{"line":66,"column":5}}},"13":{"name":"(anonymous_13)","decl":{"start":{"line":68,"column":4},"end":{"line":68,"column":8}},"loc":{"start":{"line":68,"column":30},"end":{"line":70,"column":5}}},"14":{"name":"(anonymous_14)","decl":{"start":{"line":71,"column":4},"end":{"line":71,"column":8}},"loc":{"start":{"line":71,"column":15},"end":{"line":73,"column":5}}},"15":{"name":"(anonymous_15)","decl":{"start":{"line":75,"column":4},"end":{"line":75,"column":8}},"loc":{"start":{"line":75,"column":29},"end":{"line":77,"column":5}}}},"branchMap":{},"s":{"0":3,"1":3,"2":3,"3":3,"4":3,"5":3,"6":3,"7":3,"8":3,"9":3,"10":3,"11":3,"12":3,"13":3,"14":0,"15":101,"16":100,"17":0,"18":0,"19":100,"20":100,"21":0,"22":0,"23":0,"24":0,"25":0,"26":0,"27":0,"28":0,"29":2},"f":{"0":3,"1":0,"2":101,"3":100,"4":0,"5":0,"6":100,"7":100,"8":0,"9":0,"10":0,"11":0,"12":0,"13":0,"14":0,"15":0},"b":{}}
,"C:\\Users\\Eric Tran\\Desktop\\p03_gbl\\src\\gameobject\\Task.ts": {"path":"C:\\Users\\Eric Tran\\Desktop\\p03_gbl\\src\\gameobject\\Task.ts","statementMap":{"0":{"start":{"line":7,"column":12},"end":{"line":7,"column":null}},"1":{"start":{"line":8,"column":12},"end":{"line":8,"column":null}},"2":{"start":{"line":9,"column":12},"end":{"line":9,"column":null}},"3":{"start":{"line":10,"column":12},"end":{"line":10,"column":null}},"4":{"start":{"line":11,"column":12},"end":{"line":11,"column":null}},"5":{"start":{"line":15,"column":8},"end":{"line":17,"column":null}},"6":{"start":{"line":16,"column":12},"end":{"line":16,"column":64}},"7":{"start":{"line":19,"column":8},"end":{"line":19,"column":30}},"8":{"start":{"line":20,"column":8},"end":{"line":20,"column":40}},"9":{"start":{"line":21,"column":8},"end":{"line":21,"column":36}},"10":{"start":{"line":22,"column":8},"end":{"line":22,"column":31}},"11":{"start":{"line":23,"column":8},"end":{"line":23,"column":36}},"12":{"start":{"line":27,"column":8},"end":{"line":27,"column":28}},"13":{"start":{"line":31,"column":8},"end":{"line":33,"column":null}},"14":{"start":{"line":32,"column":12},"end":{"line":32,"column":64}},"15":{"start":{"line":35,"column":8},"end":{"line":35,"column":29}},"16":{"start":{"line":39,"column":8},"end":{"line":39,"column":30}},"17":{"start":{"line":43,"column":8},"end":{"line":43,"column":31}},"18":{"start":{"line":47,"column":8},"end":{"line":47,"column":33}},"19":{"start":{"line":51,"column":8},"end":{"line":51,"column":34}},"20":{"start":{"line":55,"column":8},"end":{"line":55,"column":31}},"21":{"start":{"line":59,"column":8},"end":{"line":59,"column":32}},"22":{"start":{"line":63,"column":8},"end":{"line":63,"column":31}},"23":{"start":{"line":67,"column":8},"end":{"line":67,"column":32}},"24":{"start":{"line":71,"column":8},"end":{"line":71,"column":65}},"25":{"start":{"line":5,"column":0},"end":{"line":5,"column":21}}},"fnMap":{"0":{"name":"(anonymous_0)","decl":{"start":{"line":13,"column":4},"end":{"line":13,"column":16}},"loc":{"start":{"line":13,"column":70},"end":{"line":24,"column":5}}},"1":{"name":"(anonymous_1)","decl":{"start":{"line":26,"column":4},"end":{"line":26,"column":8}},"loc":{"start":{"line":26,"column":14},"end":{"line":28,"column":5}}},"2":{"name":"(anonymous_2)","decl":{"start":{"line":30,"column":4},"end":{"line":30,"column":8}},"loc":{"start":{"line":30,"column":28},"end":{"line":36,"column":5}}},"3":{"name":"(anonymous_3)","decl":{"start":{"line":38,"column":4},"end":{"line":38,"column":8}},"loc":{"start":{"line":38,"column":16},"end":{"line":40,"column":5}}},"4":{"name":"(anonymous_4)","decl":{"start":{"line":42,"column":4},"end":{"line":42,"column":8}},"loc":{"start":{"line":42,"column":31},"end":{"line":44,"column":5}}},"5":{"name":"(anonymous_5)","decl":{"start":{"line":46,"column":4},"end":{"line":46,"column":8}},"loc":{"start":{"line":46,"column":19},"end":{"line":48,"column":5}}},"6":{"name":"(anonymous_6)","decl":{"start":{"line":50,"column":4},"end":{"line":50,"column":8}},"loc":{"start":{"line":50,"column":33},"end":{"line":52,"column":5}}},"7":{"name":"(anonymous_7)","decl":{"start":{"line":54,"column":4},"end":{"line":54,"column":8}},"loc":{"start":{"line":54,"column":17},"end":{"line":56,"column":5}}},"8":{"name":"(anonymous_8)","decl":{"start":{"line":58,"column":4},"end":{"line":58,"column":8}},"loc":{"start":{"line":58,"column":31},"end":{"line":60,"column":5}}},"9":{"name":"(anonymous_9)","decl":{"start":{"line":62,"column":4},"end":{"line":62,"column":8}},"loc":{"start":{"line":62,"column":17},"end":{"line":64,"column":5}}},"10":{"name":"(anonymous_10)","decl":{"start":{"line":66,"column":4},"end":{"line":66,"column":8}},"loc":{"start":{"line":66,"column":48},"end":{"line":68,"column":5}}},"11":{"name":"(anonymous_11)","decl":{"start":{"line":70,"column":4},"end":{"line":70,"column":16}},"loc":{"start":{"line":70,"column":39},"end":{"line":72,"column":5}}}},"branchMap":{"0":{"loc":{"start":{"line":15,"column":8},"end":{"line":17,"column":null}},"type":"if","locations":[{"start":{"line":15,"column":8},"end":{"line":17,"column":null}}]},"1":{"loc":{"start":{"line":31,"column":8},"end":{"line":33,"column":null}},"type":"if","locations":[{"start":{"line":31,"column":8},"end":{"line":33,"column":null}}]}},"s":{"0":32,"1":32,"2":32,"3":32,"4":32,"5":32,"6":0,"7":32,"8":32,"9":32,"10":32,"11":32,"12":110,"13":201,"14":100,"15":101,"16":2,"17":2,"18":100,"19":100,"20":6,"21":3,"22":6,"23":3,"24":0,"25":2},"f":{"0":32,"1":110,"2":201,"3":2,"4":2,"5":100,"6":100,"7":6,"8":3,"9":6,"10":3,"11":0},"b":{"0":[0],"1":[100]}}
,"C:\\Users\\Eric Tran\\Desktop\\p03_gbl\\src\\gameobject\\Week.ts": {"path":"C:\\Users\\Eric Tran\\Desktop\\p03_gbl\\src\\gameobject\\Week.ts","statementMap":{"0":{"start":{"line":6,"column":12},"end":{"line":6,"column":null}},"1":{"start":{"line":7,"column":12},"end":{"line":7,"column":null}},"2":{"start":{"line":8,"column":12},"end":{"line":8,"column":null}},"3":{"start":{"line":9,"column":12},"end":{"line":9,"column":null}},"4":{"start":{"line":12,"column":8},"end":{"line":12,"column":30}},"5":{"start":{"line":13,"column":8},"end":{"line":13,"column":48}},"6":{"start":{"line":14,"column":8},"end":{"line":14,"column":36}},"7":{"start":{"line":15,"column":8},"end":{"line":15,"column":30}},"8":{"start":{"line":21,"column":8},"end":{"line":21,"column":28}},"9":{"start":{"line":25,"column":8},"end":{"line":25,"column":29}},"10":{"start":{"line":28,"column":8},"end":{"line":28,"column":37}},"11":{"start":{"line":32,"column":8},"end":{"line":32,"column":38}},"12":{"start":{"line":35,"column":8},"end":{"line":35,"column":31}},"13":{"start":{"line":39,"column":8},"end":{"line":39,"column":32}},"14":{"start":{"line":42,"column":8},"end":{"line":42,"column":28}},"15":{"start":{"line":46,"column":8},"end":{"line":46,"column":29}},"16":{"start":{"line":4,"column":0},"end":{"line":4,"column":21}}},"fnMap":{"0":{"name":"(anonymous_0)","decl":{"start":{"line":11,"column":4},"end":{"line":11,"column":16}},"loc":{"start":{"line":11,"column":105},"end":{"line":18,"column":5}}},"1":{"name":"(anonymous_1)","decl":{"start":{"line":20,"column":4},"end":{"line":20,"column":8}},"loc":{"start":{"line":20,"column":14},"end":{"line":22,"column":5}}},"2":{"name":"(anonymous_2)","decl":{"start":{"line":24,"column":4},"end":{"line":24,"column":8}},"loc":{"start":{"line":24,"column":28},"end":{"line":26,"column":5}}},"3":{"name":"(anonymous_3)","decl":{"start":{"line":27,"column":4},"end":{"line":27,"column":8}},"loc":{"start":{"line":27,"column":23},"end":{"line":29,"column":5}}},"4":{"name":"(anonymous_4)","decl":{"start":{"line":31,"column":4},"end":{"line":31,"column":8}},"loc":{"start":{"line":31,"column":40},"end":{"line":33,"column":5}}},"5":{"name":"(anonymous_5)","decl":{"start":{"line":34,"column":4},"end":{"line":34,"column":8}},"loc":{"start":{"line":34,"column":17},"end":{"line":36,"column":5}}},"6":{"name":"(anonymous_6)","decl":{"start":{"line":38,"column":4},"end":{"line":38,"column":8}},"loc":{"start":{"line":38,"column":31},"end":{"line":40,"column":5}}},"7":{"name":"(anonymous_7)","decl":{"start":{"line":41,"column":4},"end":{"line":41,"column":8}},"loc":{"start":{"line":41,"column":14},"end":{"line":43,"column":5}}},"8":{"name":"(anonymous_8)","decl":{"start":{"line":45,"column":4},"end":{"line":45,"column":8}},"loc":{"start":{"line":45,"column":40},"end":{"line":47,"column":5}}}},"branchMap":{},"s":{"0":1,"1":1,"2":1,"3":1,"4":1,"5":1,"6":1,"7":1,"8":0,"9":0,"10":0,"11":0,"12":0,"13":0,"14":0,"15":0,"16":1},"f":{"0":1,"1":0,"2":0,"3":0,"4":0,"5":0,"6":0,"7":0,"8":0},"b":{}}
,"C:\\Users\\Eric Tran\\Desktop\\p03_gbl\\src\\gameobject\\contractor\\Contractor.ts": {"path":"C:\\Users\\Eric Tran\\Desktop\\p03_gbl\\src\\gameobject\\contractor\\Contractor.ts","statementMap":{"0":{"start":{"line":5,"column":12},"end":{"line":5,"column":null}},"1":{"start":{"line":6,"column":12},"end":{"line":6,"column":null}},"2":{"start":{"line":7,"column":12},"end":{"line":7,"column":null}},"3":{"start":{"line":10,"column":12},"end":{"line":10,"column":null}},"4":{"start":{"line":11,"column":12},"end":{"line":11,"column":null}},"5":{"start":{"line":12,"column":12},"end":{"line":12,"column":null}},"6":{"start":{"line":13,"column":12},"end":{"line":13,"column":null}},"7":{"start":{"line":14,"column":12},"end":{"line":14,"column":null}},"8":{"start":{"line":19,"column":8},"end":{"line":21,"column":null}},"9":{"start":{"line":20,"column":12},"end":{"line":20,"column":70}},"10":{"start":{"line":22,"column":8},"end":{"line":24,"column":null}},"11":{"start":{"line":23,"column":12},"end":{"line":23,"column":62}},"12":{"start":{"line":26,"column":8},"end":{"line":26,"column":42}},"13":{"start":{"line":27,"column":8},"end":{"line":27,"column":41}},"14":{"start":{"line":28,"column":8},"end":{"line":28,"column":37}},"15":{"start":{"line":29,"column":8},"end":{"line":29,"column":41}},"16":{"start":{"line":31,"column":8},"end":{"line":31,"column":42}},"17":{"start":{"line":32,"column":8},"end":{"line":32,"column":26}},"18":{"start":{"line":33,"column":8},"end":{"line":33,"column":26}},"19":{"start":{"line":35,"column":8},"end":{"line":35,"column":40}},"20":{"start":{"line":36,"column":8},"end":{"line":36,"column":38}},"21":{"start":{"line":37,"column":8},"end":{"line":37,"column":30}},"22":{"start":{"line":38,"column":8},"end":{"line":38,"column":38}},"23":{"start":{"line":40,"column":41},"end":{"line":40,"column":42}},"24":{"start":{"line":42,"column":8},"end":{"line":42,"column":103}},"25":{"start":{"line":47,"column":8},"end":{"line":49,"column":null}},"26":{"start":{"line":48,"column":12},"end":{"line":48,"column":null}},"27":{"start":{"line":54,"column":8},"end":{"line":54,"column":34}},"28":{"start":{"line":58,"column":8},"end":{"line":60,"column":null}},"29":{"start":{"line":59,"column":12},"end":{"line":59,"column":70}},"30":{"start":{"line":61,"column":8},"end":{"line":61,"column":35}},"31":{"start":{"line":65,"column":8},"end":{"line":65,"column":26}},"32":{"start":{"line":69,"column":8},"end":{"line":69,"column":27}},"33":{"start":{"line":72,"column":8},"end":{"line":72,"column":26}},"34":{"start":{"line":76,"column":8},"end":{"line":78,"column":null}},"35":{"start":{"line":77,"column":12},"end":{"line":77,"column":62}},"36":{"start":{"line":79,"column":8},"end":{"line":79,"column":27}},"37":{"start":{"line":83,"column":8},"end":{"line":83,"column":28}},"38":{"start":{"line":87,"column":8},"end":{"line":87,"column":null}},"39":{"start":{"line":88,"column":8},"end":{"line":88,"column":29}},"40":{"start":{"line":92,"column":8},"end":{"line":92,"column":32}},"41":{"start":{"line":96,"column":8},"end":{"line":96,"column":36}},"42":{"start":{"line":97,"column":8},"end":{"line":97,"column":33}},"43":{"start":{"line":101,"column":8},"end":{"line":101,"column":33}},"44":{"start":{"line":105,"column":8},"end":{"line":105,"column":36}},"45":{"start":{"line":106,"column":8},"end":{"line":106,"column":34}},"46":{"start":{"line":109,"column":8},"end":{"line":109,"column":28}},"47":{"start":{"line":113,"column":8},"end":{"line":113,"column":36}},"48":{"start":{"line":114,"column":8},"end":{"line":114,"column":29}},"49":{"start":{"line":118,"column":8},"end":{"line":118,"column":32}},"50":{"start":{"line":122,"column":8},"end":{"line":122,"column":36}},"51":{"start":{"line":123,"column":8},"end":{"line":123,"column":33}},"52":{"start":{"line":3,"column":0},"end":{"line":3,"column":21}}},"fnMap":{"0":{"name":"(anonymous_0)","decl":{"start":{"line":17,"column":4},"end":{"line":17,"column":16}},"loc":{"start":{"line":17,"column":149},"end":{"line":44,"column":5}}},"1":{"name":"(anonymous_1)","decl":{"start":{"line":46,"column":4},"end":{"line":46,"column":19}},"loc":{"start":{"line":46,"column":31},"end":{"line":51,"column":5}}},"2":{"name":"(anonymous_2)","decl":{"start":{"line":53,"column":4},"end":{"line":53,"column":8}},"loc":{"start":{"line":53,"column":20},"end":{"line":55,"column":5}}},"3":{"name":"(anonymous_3)","decl":{"start":{"line":57,"column":4},"end":{"line":57,"column":8}},"loc":{"start":{"line":57,"column":34},"end":{"line":62,"column":5}}},"4":{"name":"(anonymous_4)","decl":{"start":{"line":64,"column":4},"end":{"line":64,"column":8}},"loc":{"start":{"line":64,"column":12},"end":{"line":66,"column":5}}},"5":{"name":"(anonymous_5)","decl":{"start":{"line":68,"column":4},"end":{"line":68,"column":8}},"loc":{"start":{"line":68,"column":34},"end":{"line":70,"column":5}}},"6":{"name":"(anonymous_6)","decl":{"start":{"line":71,"column":4},"end":{"line":71,"column":8}},"loc":{"start":{"line":71,"column":12},"end":{"line":73,"column":5}}},"7":{"name":"(anonymous_7)","decl":{"start":{"line":75,"column":4},"end":{"line":75,"column":8}},"loc":{"start":{"line":75,"column":26},"end":{"line":80,"column":5}}},"8":{"name":"(anonymous_8)","decl":{"start":{"line":82,"column":4},"end":{"line":82,"column":8}},"loc":{"start":{"line":82,"column":14},"end":{"line":84,"column":5}}},"9":{"name":"(anonymous_9)","decl":{"start":{"line":86,"column":4},"end":{"line":86,"column":8}},"loc":{"start":{"line":86,"column":28},"end":{"line":89,"column":5}}},"10":{"name":"(anonymous_10)","decl":{"start":{"line":91,"column":4},"end":{"line":91,"column":8}},"loc":{"start":{"line":91,"column":18},"end":{"line":93,"column":5}}},"11":{"name":"(anonymous_11)","decl":{"start":{"line":95,"column":4},"end":{"line":95,"column":8}},"loc":{"start":{"line":95,"column":32},"end":{"line":98,"column":5}}},"12":{"name":"(anonymous_12)","decl":{"start":{"line":100,"column":4},"end":{"line":100,"column":8}},"loc":{"start":{"line":100,"column":19},"end":{"line":102,"column":5}}},"13":{"name":"(anonymous_13)","decl":{"start":{"line":104,"column":4},"end":{"line":104,"column":8}},"loc":{"start":{"line":104,"column":33},"end":{"line":107,"column":5}}},"14":{"name":"(anonymous_14)","decl":{"start":{"line":108,"column":4},"end":{"line":108,"column":8}},"loc":{"start":{"line":108,"column":14},"end":{"line":110,"column":5}}},"15":{"name":"(anonymous_15)","decl":{"start":{"line":112,"column":4},"end":{"line":112,"column":8}},"loc":{"start":{"line":112,"column":28},"end":{"line":115,"column":5}}},"16":{"name":"(anonymous_16)","decl":{"start":{"line":117,"column":4},"end":{"line":117,"column":8}},"loc":{"start":{"line":117,"column":18},"end":{"line":119,"column":5}}},"17":{"name":"(anonymous_17)","decl":{"start":{"line":121,"column":4},"end":{"line":121,"column":8}},"loc":{"start":{"line":121,"column":32},"end":{"line":124,"column":5}}}},"branchMap":{"0":{"loc":{"start":{"line":19,"column":8},"end":{"line":21,"column":null}},"type":"if","locations":[{"start":{"line":19,"column":8},"end":{"line":21,"column":null}}]},"1":{"loc":{"start":{"line":22,"column":8},"end":{"line":24,"column":null}},"type":"if","locations":[{"start":{"line":22,"column":8},"end":{"line":24,"column":null}}]},"2":{"loc":{"start":{"line":47,"column":8},"end":{"line":49,"column":null}},"type":"if","locations":[{"start":{"line":47,"column":8},"end":{"line":49,"column":null}}]},"3":{"loc":{"start":{"line":47,"column":12},"end":{"line":47,"column":30}},"type":"binary-expr","locations":[{"start":{"line":47,"column":12},"end":{"line":47,"column":19}},{"start":{"line":47,"column":23},"end":{"line":47,"column":30}}]},"4":{"loc":{"start":{"line":58,"column":8},"end":{"line":60,"column":null}},"type":"if","locations":[{"start":{"line":58,"column":8},"end":{"line":60,"column":null}}]},"5":{"loc":{"start":{"line":76,"column":8},"end":{"line":78,"column":null}},"type":"if","locations":[{"start":{"line":76,"column":8},"end":{"line":78,"column":null}}]}},"s":{"0":41,"1":41,"2":41,"3":41,"4":41,"5":41,"6":41,"7":41,"8":41,"9":0,"10":41,"11":0,"12":41,"13":41,"14":41,"15":41,"16":41,"17":41,"18":41,"19":41,"20":41,"21":41,"22":41,"23":41,"24":41,"25":1664,"26":1000,"27":102,"28":201,"29":100,"30":101,"31":8,"32":8,"33":101,"34":201,"35":100,"36":101,"37":100,"38":300,"39":100,"40":100,"41":300,"42":100,"43":100,"44":300,"45":100,"46":100,"47":300,"48":100,"49":100,"50":300,"51":100,"52":3},"f":{"0":41,"1":1664,"2":102,"3":201,"4":8,"5":8,"6":101,"7":201,"8":100,"9":300,"10":100,"11":300,"12":100,"13":300,"14":100,"15":300,"16":100,"17":300},"b":{"0":[0],"1":[0],"2":[1000],"3":[1664,1164],"4":[100],"5":[100]}}
,"C:\\Users\\Eric Tran\\Desktop\\p03_gbl\\src\\gameobject\\contractor\\ContractorType.ts": {"path":"C:\\Users\\Eric Tran\\Desktop\\p03_gbl\\src\\gameobject\\contractor\\ContractorType.ts","statementMap":{"0":{"start":{"line":1,"column":0},"end":{"line":1,"column":null}},"1":{"start":{"line":4,"column":4},"end":{"line":4,"column":null}},"2":{"start":{"line":5,"column":4},"end":{"line":5,"column":null}},"3":{"start":{"line":6,"column":4},"end":{"line":6,"column":null}},"4":{"start":{"line":7,"column":4},"end":{"line":7,"column":null}},"5":{"start":{"line":8,"column":4},"end":{"line":8,"column":null}},"6":{"start":{"line":9,"column":4},"end":{"line":9,"column":null}},"7":{"start":{"line":10,"column":4},"end":{"line":10,"column":null}},"8":{"start":{"line":11,"column":4},"end":{"line":11,"column":null}},"9":{"start":{"line":17,"column":4},"end":{"line":44,"column":null}},"10":{"start":{"line":19,"column":12},"end":{"line":19,"column":44}},"11":{"start":{"line":22,"column":12},"end":{"line":22,"column":42}},"12":{"start":{"line":25,"column":12},"end":{"line":25,"column":44}},"13":{"start":{"line":28,"column":12},"end":{"line":28,"column":46}},"14":{"start":{"line":31,"column":12},"end":{"line":31,"column":42}},"15":{"start":{"line":34,"column":12},"end":{"line":34,"column":39}},"16":{"start":{"line":37,"column":12},"end":{"line":37,"column":40}},"17":{"start":{"line":40,"column":12},"end":{"line":40,"column":45}},"18":{"start":{"line":43,"column":12},"end":{"line":43,"column":29}},"19":{"start":{"line":16,"column":0},"end":{"line":16,"column":16}}},"fnMap":{"0":{"name":"(anonymous_0)","decl":{"start":{"line":1,"column":0},"end":{"line":1,"column":12}},"loc":{"start":{"line":1,"column":26},"end":{"line":12,"column":1}}},"1":{"name":"stringToEnumContractorType","decl":{"start":{"line":16,"column":16},"end":{"line":16,"column":42}},"loc":{"start":{"line":16,"column":61},"end":{"line":45,"column":1}}}},"branchMap":{"0":{"loc":{"start":{"line":1,"column":12},"end":{"line":1,"column":null}},"type":"binary-expr","locations":[{"start":{"line":1,"column":12},"end":{"line":1,"column":26}},{"start":{"line":1,"column":26},"end":{"line":1,"column":null}}]},"1":{"loc":{"start":{"line":17,"column":4},"end":{"line":44,"column":null}},"type":"switch","locations":[{"start":{"line":18,"column":8},"end":{"line":20,"column":null}},{"start":{"line":21,"column":8},"end":{"line":23,"column":null}},{"start":{"line":24,"column":8},"end":{"line":26,"column":null}},{"start":{"line":27,"column":8},"end":{"line":29,"column":null}},{"start":{"line":30,"column":8},"end":{"line":32,"column":null}},{"start":{"line":33,"column":8},"end":{"line":35,"column":null}},{"start":{"line":36,"column":8},"end":{"line":38,"column":null}},{"start":{"line":39,"column":8},"end":{"line":41,"column":null}},{"start":{"line":42,"column":8},"end":{"line":43,"column":29}}]}},"s":{"0":2,"1":2,"2":2,"3":2,"4":2,"5":2,"6":2,"7":2,"8":2,"9":0,"10":0,"11":0,"12":0,"13":0,"14":0,"15":0,"16":0,"17":0,"18":0,"19":2},"f":{"0":2,"1":0},"b":{"0":[2,2],"1":[0,0,0,0,0,0,0,0,0]}}
,"C:\\Users\\Eric Tran\\Desktop\\p03_gbl\\src\\gameobject\\event\\Event.ts": {"path":"C:\\Users\\Eric Tran\\Desktop\\p03_gbl\\src\\gameobject\\event\\Event.ts","statementMap":{"0":{"start":{"line":3,"column":12},"end":{"line":3,"column":null}},"1":{"start":{"line":4,"column":12},"end":{"line":4,"column":null}},"2":{"start":{"line":5,"column":12},"end":{"line":5,"column":null}},"3":{"start":{"line":6,"column":12},"end":{"line":6,"column":null}},"4":{"start":{"line":7,"column":12},"end":{"line":7,"column":null}},"5":{"start":{"line":10,"column":8},"end":{"line":10,"column":32}},"6":{"start":{"line":11,"column":8},"end":{"line":11,"column":40}},"7":{"start":{"line":12,"column":8},"end":{"line":12,"column":46}},"8":{"start":{"line":13,"column":8},"end":{"line":13,"column":34}},"9":{"start":{"line":14,"column":8},"end":{"line":14,"column":32}},"10":{"start":{"line":18,"column":8},"end":{"line":18,"column":29}},"11":{"start":{"line":22,"column":8},"end":{"line":22,"column":30}},"12":{"start":{"line":25,"column":8},"end":{"line":25,"column":33}},"13":{"start":{"line":29,"column":8},"end":{"line":29,"column":34}},"14":{"start":{"line":32,"column":8},"end":{"line":32,"column":36}},"15":{"start":{"line":36,"column":8},"end":{"line":36,"column":37}},"16":{"start":{"line":39,"column":8},"end":{"line":39,"column":30}},"17":{"start":{"line":43,"column":8},"end":{"line":43,"column":31}},"18":{"start":{"line":46,"column":8},"end":{"line":46,"column":29}},"19":{"start":{"line":50,"column":8},"end":{"line":50,"column":30}},"20":{"start":{"line":1,"column":0},"end":{"line":1,"column":21}}},"fnMap":{"0":{"name":"(anonymous_0)","decl":{"start":{"line":9,"column":4},"end":{"line":9,"column":16}},"loc":{"start":{"line":9,"column":111},"end":{"line":15,"column":5}}},"1":{"name":"(anonymous_1)","decl":{"start":{"line":17,"column":4},"end":{"line":17,"column":8}},"loc":{"start":{"line":17,"column":15},"end":{"line":19,"column":5}}},"2":{"name":"(anonymous_2)","decl":{"start":{"line":21,"column":4},"end":{"line":21,"column":8}},"loc":{"start":{"line":21,"column":29},"end":{"line":23,"column":5}}},"3":{"name":"(anonymous_3)","decl":{"start":{"line":24,"column":4},"end":{"line":24,"column":8}},"loc":{"start":{"line":24,"column":19},"end":{"line":26,"column":5}}},"4":{"name":"(anonymous_4)","decl":{"start":{"line":28,"column":4},"end":{"line":28,"column":8}},"loc":{"start":{"line":28,"column":33},"end":{"line":30,"column":5}}},"5":{"name":"(anonymous_5)","decl":{"start":{"line":31,"column":4},"end":{"line":31,"column":8}},"loc":{"start":{"line":31,"column":22},"end":{"line":33,"column":5}}},"6":{"name":"(anonymous_6)","decl":{"start":{"line":35,"column":4},"end":{"line":35,"column":8}},"loc":{"start":{"line":35,"column":36},"end":{"line":37,"column":5}}},"7":{"name":"(anonymous_7)","decl":{"start":{"line":38,"column":4},"end":{"line":38,"column":8}},"loc":{"start":{"line":38,"column":16},"end":{"line":40,"column":5}}},"8":{"name":"(anonymous_8)","decl":{"start":{"line":42,"column":4},"end":{"line":42,"column":8}},"loc":{"start":{"line":42,"column":30},"end":{"line":44,"column":5}}},"9":{"name":"(anonymous_9)","decl":{"start":{"line":45,"column":4},"end":{"line":45,"column":8}},"loc":{"start":{"line":45,"column":15},"end":{"line":47,"column":5}}},"10":{"name":"(anonymous_10)","decl":{"start":{"line":49,"column":4},"end":{"line":49,"column":8}},"loc":{"start":{"line":49,"column":29},"end":{"line":51,"column":5}}}},"branchMap":{},"s":{"0":7,"1":7,"2":7,"3":7,"4":7,"5":7,"6":7,"7":7,"8":7,"9":7,"10":102,"11":100,"12":100,"13":100,"14":100,"15":100,"16":100,"17":100,"18":100,"19":100,"20":2},"f":{"0":7,"1":102,"2":100,"3":100,"4":100,"5":100,"6":100,"7":100,"8":100,"9":100,"10":100},"b":{}}
,"C:\\Users\\Eric Tran\\Desktop\\p03_gbl\\src\\gameobject\\material\\Material.ts": {"path":"C:\\Users\\Eric Tran\\Desktop\\p03_gbl\\src\\gameobject\\material\\Material.ts","statementMap":{"0":{"start":{"line":7,"column":12},"end":{"line":7,"column":null}},"1":{"start":{"line":8,"column":12},"end":{"line":8,"column":null}},"2":{"start":{"line":9,"column":12},"end":{"line":9,"column":null}},"3":{"start":{"line":10,"column":12},"end":{"line":10,"column":null}},"4":{"start":{"line":13,"column":8},"end":{"line":13,"column":26}},"5":{"start":{"line":14,"column":8},"end":{"line":14,"column":34}},"6":{"start":{"line":15,"column":8},"end":{"line":15,"column":28}},"7":{"start":{"line":16,"column":8},"end":{"line":16,"column":34}},"8":{"start":{"line":20,"column":8},"end":{"line":20,"column":26}},"9":{"start":{"line":24,"column":8},"end":{"line":24,"column":27}},"10":{"start":{"line":27,"column":8},"end":{"line":27,"column":30}},"11":{"start":{"line":31,"column":8},"end":{"line":31,"column":31}},"12":{"start":{"line":35,"column":8},"end":{"line":35,"column":27}},"13":{"start":{"line":39,"column":8},"end":{"line":39,"column":28}},"14":{"start":{"line":43,"column":8},"end":{"line":43,"column":30}},"15":{"start":{"line":47,"column":8},"end":{"line":47,"column":31}},"16":{"start":{"line":5,"column":0},"end":{"line":5,"column":21}}},"fnMap":{"0":{"name":"(anonymous_0)","decl":{"start":{"line":12,"column":4},"end":{"line":12,"column":16}},"loc":{"start":{"line":12,"column":89},"end":{"line":17,"column":5}}},"1":{"name":"(anonymous_1)","decl":{"start":{"line":19,"column":4},"end":{"line":19,"column":8}},"loc":{"start":{"line":19,"column":12},"end":{"line":21,"column":5}}},"2":{"name":"(anonymous_2)","decl":{"start":{"line":23,"column":4},"end":{"line":23,"column":8}},"loc":{"start":{"line":23,"column":26},"end":{"line":25,"column":5}}},"3":{"name":"(anonymous_3)","decl":{"start":{"line":26,"column":4},"end":{"line":26,"column":8}},"loc":{"start":{"line":26,"column":16},"end":{"line":28,"column":5}}},"4":{"name":"(anonymous_4)","decl":{"start":{"line":30,"column":4},"end":{"line":30,"column":8}},"loc":{"start":{"line":30,"column":40},"end":{"line":32,"column":5}}},"5":{"name":"(anonymous_5)","decl":{"start":{"line":34,"column":4},"end":{"line":34,"column":8}},"loc":{"start":{"line":34,"column":13},"end":{"line":36,"column":5}}},"6":{"name":"(anonymous_6)","decl":{"start":{"line":38,"column":4},"end":{"line":38,"column":8}},"loc":{"start":{"line":38,"column":27},"end":{"line":40,"column":5}}},"7":{"name":"(anonymous_7)","decl":{"start":{"line":42,"column":4},"end":{"line":42,"column":8}},"loc":{"start":{"line":42,"column":16},"end":{"line":44,"column":5}}},"8":{"name":"(anonymous_8)","decl":{"start":{"line":46,"column":4},"end":{"line":46,"column":8}},"loc":{"start":{"line":46,"column":30},"end":{"line":48,"column":5}}}},"branchMap":{},"s":{"0":10,"1":10,"2":10,"3":10,"4":10,"5":10,"6":10,"7":10,"8":103,"9":100,"10":5,"11":5,"12":100,"13":100,"14":0,"15":0,"16":2},"f":{"0":10,"1":103,"2":100,"3":5,"4":5,"5":100,"6":100,"7":0,"8":0},"b":{}}
,"C:\\Users\\Eric Tran\\Desktop\\p03_gbl\\src\\gameobject\\material\\MaterialCategory.ts": {"path":"C:\\Users\\Eric Tran\\Desktop\\p03_gbl\\src\\gameobject\\material\\MaterialCategory.ts","statementMap":{"0":{"start":{"line":2,"column":0},"end":{"line":2,"column":null}},"1":{"start":{"line":3,"column":4},"end":{"line":3,"column":null}},"2":{"start":{"line":4,"column":4},"end":{"line":4,"column":null}},"3":{"start":{"line":5,"column":4},"end":{"line":5,"column":null}},"4":{"start":{"line":6,"column":4},"end":{"line":6,"column":null}},"5":{"start":{"line":7,"column":4},"end":{"line":7,"column":null}},"6":{"start":{"line":11,"column":4},"end":{"line":27,"column":null}},"7":{"start":{"line":13,"column":12},"end":{"line":13,"column":49}},"8":{"start":{"line":16,"column":12},"end":{"line":16,"column":47}},"9":{"start":{"line":19,"column":12},"end":{"line":19,"column":45}},"10":{"start":{"line":22,"column":12},"end":{"line":22,"column":48}},"11":{"start":{"line":25,"column":12},"end":{"line":25,"column":41}},"12":{"start":{"line":10,"column":0},"end":{"line":10,"column":16}}},"fnMap":{"0":{"name":"(anonymous_0)","decl":{"start":{"line":2,"column":0},"end":{"line":2,"column":12}},"loc":{"start":{"line":2,"column":28},"end":{"line":8,"column":1}}},"1":{"name":"stringToEnumMaterialCategory","decl":{"start":{"line":10,"column":16},"end":{"line":10,"column":44}},"loc":{"start":{"line":10,"column":61},"end":{"line":28,"column":1}}}},"branchMap":{"0":{"loc":{"start":{"line":2,"column":12},"end":{"line":2,"column":null}},"type":"binary-expr","locations":[{"start":{"line":2,"column":12},"end":{"line":2,"column":28}},{"start":{"line":2,"column":28},"end":{"line":2,"column":null}}]},"1":{"loc":{"start":{"line":11,"column":4},"end":{"line":27,"column":null}},"type":"switch","locations":[{"start":{"line":12,"column":8},"end":{"line":14,"column":null}},{"start":{"line":15,"column":8},"end":{"line":17,"column":null}},{"start":{"line":18,"column":8},"end":{"line":20,"column":null}},{"start":{"line":21,"column":8},"end":{"line":23,"column":null}},{"start":{"line":24,"column":8},"end":{"line":26,"column":null}}]}},"s":{"0":1,"1":1,"2":1,"3":1,"4":1,"5":1,"6":0,"7":0,"8":0,"9":0,"10":0,"11":0,"12":1},"f":{"0":1,"1":0},"b":{"0":[1,1],"1":[0,0,0,0,0]}}
,"C:\\Users\\Eric Tran\\Desktop\\p03_gbl\\src\\gameobject\\project\\BridgeProject.ts": {"path":"C:\\Users\\Eric Tran\\Desktop\\p03_gbl\\src\\gameobject\\project\\BridgeProject.ts","statementMap":{"0":{"start":{"line":9,"column":12},"end":{"line":9,"column":null}},"1":{"start":{"line":10,"column":12},"end":{"line":10,"column":null}},"2":{"start":{"line":11,"column":12},"end":{"line":11,"column":null}},"3":{"start":{"line":12,"column":12},"end":{"line":12,"column":null}},"4":{"start":{"line":13,"column":12},"end":{"line":13,"column":null}},"5":{"start":{"line":14,"column":12},"end":{"line":14,"column":null}},"6":{"start":{"line":15,"column":12},"end":{"line":15,"column":null}},"7":{"start":{"line":18,"column":8},"end":{"line":18,"column":28}},"8":{"start":{"line":19,"column":8},"end":{"line":19,"column":28}},"9":{"start":{"line":20,"column":8},"end":{"line":20,"column":28}},"10":{"start":{"line":21,"column":8},"end":{"line":21,"column":40}},"11":{"start":{"line":22,"column":8},"end":{"line":22,"column":36}},"12":{"start":{"line":23,"column":8},"end":{"line":23,"column":30}},"13":{"start":{"line":24,"column":8},"end":{"line":24,"column":56}},"14":{"start":{"line":28,"column":8},"end":{"line":28,"column":27}},"15":{"start":{"line":32,"column":8},"end":{"line":32,"column":28}},"16":{"start":{"line":35,"column":8},"end":{"line":35,"column":27}},"17":{"start":{"line":39,"column":8},"end":{"line":39,"column":28}},"18":{"start":{"line":42,"column":8},"end":{"line":42,"column":27}},"19":{"start":{"line":46,"column":8},"end":{"line":46,"column":28}},"20":{"start":{"line":49,"column":8},"end":{"line":49,"column":33}},"21":{"start":{"line":53,"column":8},"end":{"line":53,"column":34}},"22":{"start":{"line":56,"column":8},"end":{"line":56,"column":31}},"23":{"start":{"line":60,"column":8},"end":{"line":60,"column":32}},"24":{"start":{"line":63,"column":8},"end":{"line":63,"column":28}},"25":{"start":{"line":67,"column":8},"end":{"line":67,"column":29}},"26":{"start":{"line":70,"column":8},"end":{"line":70,"column":41}},"27":{"start":{"line":74,"column":8},"end":{"line":74,"column":42}},"28":{"start":{"line":8,"column":0},"end":{"line":8,"column":21}}},"fnMap":{"0":{"name":"(anonymous_0)","decl":{"start":{"line":17,"column":4},"end":{"line":17,"column":16}},"loc":{"start":{"line":17,"column":224},"end":{"line":25,"column":5}}},"1":{"name":"(anonymous_1)","decl":{"start":{"line":27,"column":4},"end":{"line":27,"column":8}},"loc":{"start":{"line":27,"column":13},"end":{"line":29,"column":5}}},"2":{"name":"(anonymous_2)","decl":{"start":{"line":31,"column":4},"end":{"line":31,"column":8}},"loc":{"start":{"line":31,"column":27},"end":{"line":33,"column":5}}},"3":{"name":"(anonymous_3)","decl":{"start":{"line":34,"column":4},"end":{"line":34,"column":8}},"loc":{"start":{"line":34,"column":13},"end":{"line":36,"column":5}}},"4":{"name":"(anonymous_4)","decl":{"start":{"line":38,"column":4},"end":{"line":38,"column":8}},"loc":{"start":{"line":38,"column":38},"end":{"line":40,"column":5}}},"5":{"name":"(anonymous_5)","decl":{"start":{"line":41,"column":4},"end":{"line":41,"column":8}},"loc":{"start":{"line":41,"column":13},"end":{"line":43,"column":5}}},"6":{"name":"(anonymous_6)","decl":{"start":{"line":45,"column":4},"end":{"line":45,"column":8}},"loc":{"start":{"line":45,"column":27},"end":{"line":47,"column":5}}},"7":{"name":"(anonymous_7)","decl":{"start":{"line":48,"column":4},"end":{"line":48,"column":8}},"loc":{"start":{"line":48,"column":19},"end":{"line":50,"column":5}}},"8":{"name":"(anonymous_8)","decl":{"start":{"line":52,"column":4},"end":{"line":52,"column":8}},"loc":{"start":{"line":52,"column":50},"end":{"line":54,"column":5}}},"9":{"name":"(anonymous_9)","decl":{"start":{"line":55,"column":4},"end":{"line":55,"column":8}},"loc":{"start":{"line":55,"column":17},"end":{"line":57,"column":5}}},"10":{"name":"(anonymous_10)","decl":{"start":{"line":59,"column":4},"end":{"line":59,"column":8}},"loc":{"start":{"line":59,"column":46},"end":{"line":61,"column":5}}},"11":{"name":"(anonymous_11)","decl":{"start":{"line":62,"column":4},"end":{"line":62,"column":8}},"loc":{"start":{"line":62,"column":14},"end":{"line":64,"column":5}}},"12":{"name":"(anonymous_12)","decl":{"start":{"line":66,"column":4},"end":{"line":66,"column":8}},"loc":{"start":{"line":66,"column":40},"end":{"line":68,"column":5}}},"13":{"name":"(anonymous_13)","decl":{"start":{"line":69,"column":4},"end":{"line":69,"column":8}},"loc":{"start":{"line":69,"column":27},"end":{"line":71,"column":5}}},"14":{"name":"(anonymous_14)","decl":{"start":{"line":73,"column":4},"end":{"line":73,"column":8}},"loc":{"start":{"line":73,"column":66},"end":{"line":75,"column":5}}}},"branchMap":{},"s":{"0":1,"1":1,"2":1,"3":1,"4":1,"5":1,"6":1,"7":1,"8":1,"9":1,"10":1,"11":1,"12":1,"13":1,"14":0,"15":0,"16":0,"17":0,"18":0,"19":0,"20":0,"21":0,"22":0,"23":0,"24":0,"25":0,"26":0,"27":0,"28":1},"f":{"0":1,"1":0,"2":0,"3":0,"4":0,"5":0,"6":0,"7":0,"8":0,"9":0,"10":0,"11":0,"12":0,"13":0,"14":0},"b":{}}
}
