TN:
SF:src\config\BridgeProjectFactory.ts
FN:15,(anonymous_1)
FN:20,(anonymous_2)
FN:65,(anonymous_3)
FN:98,(anonymous_4)
FN:122,(anonymous_5)
FN:126,(anonymous_6)
FN:148,(anonymous_7)
FN:162,(anonymous_8)
FN:177,(anonymous_9)
FNF:9
FNH:9
FNDA:1,(anonymous_1)
FNDA:1,(anonymous_2)
FNDA:1,(anonymous_3)
FNDA:1,(anonymous_4)
FNDA:1,(anonymous_5)
FNDA:8,(anonymous_6)
FNDA:1,(anonymous_7)
FNDA:1,(anonymous_8)
FNDA:1,(anonymous_9)
DA:2,1
DA:4,1
DA:5,1
DA:6,1
DA:7,1
DA:8,1
DA:9,1
DA:10,1
DA:13,1
DA:22,1
DA:25,1
DA:28,1
DA:31,1
DA:34,1
DA:37,1
DA:40,1
DA:58,1
DA:61,1
DA:66,1
DA:67,1
DA:71,1
DA:72,9
DA:74,9
DA:78,9
DA:81,9
DA:82,8
DA:85,8
DA:86,0
DA:91,9
DA:92,9
DA:95,1
DA:99,1
DA:100,1
DA:102,1
DA:103,1
DA:111,1
DA:114,1
DA:118,1
DA:123,1
DA:124,1
DA:126,1
DA:127,8
DA:130,1
DA:131,3
DA:139,3
DA:140,3
DA:144,1
DA:149,1
DA:150,1
DA:152,1
DA:153,2
DA:155,2
DA:156,2
DA:159,1
DA:163,1
DA:164,1
DA:166,1
DA:167,1
DA:170,1
DA:171,1
DA:173,1
DA:178,1
DA:179,1
DA:181,1
DA:182,1
DA:183,1
DA:186,1
DA:187,2
DA:192,1
DA:193,1
DA:198,1
LF:71
LH:70
BRDA:85,0,0,0
BRF:1
BRH:0
end_of_record
TN:
SF:src\gameobject\RiskManagementTool.ts
FN:14,(anonymous_0)
FN:24,(anonymous_1)
FN:28,(anonymous_2)
FN:32,(anonymous_3)
FN:35,(anonymous_4)
FN:39,(anonymous_5)
FN:45,(anonymous_6)
FN:49,(anonymous_7)
FN:55,(anonymous_8)
FN:59,(anonymous_9)
FN:62,(anonymous_10)
FN:66,(anonymous_11)
FN:69,(anonymous_12)
FN:73,(anonymous_13)
FN:76,(anonymous_14)
FN:80,(anonymous_15)
FNF:16
FNH:15
FNDA:19,(anonymous_0)
FNDA:0,(anonymous_1)
FNDA:101,(anonymous_2)
FNDA:100,(anonymous_3)
FNDA:101,(anonymous_4)
FNDA:201,(anonymous_5)
FNDA:101,(anonymous_6)
FNDA:201,(anonymous_7)
FNDA:2,(anonymous_8)
FNDA:2,(anonymous_9)
FNDA:102,(anonymous_10)
FNDA:102,(anonymous_11)
FNDA:102,(anonymous_12)
FNDA:102,(anonymous_13)
FNDA:102,(anonymous_14)
FNDA:102,(anonymous_15)
DA:4,2
DA:6,19
DA:7,19
DA:8,19
DA:9,19
DA:10,19
DA:11,19
DA:12,19
DA:15,19
DA:16,19
DA:17,19
DA:18,19
DA:19,19
DA:20,19
DA:21,19
DA:25,0
DA:29,101
DA:33,100
DA:36,101
DA:40,201
DA:41,100
DA:43,101
DA:46,101
DA:50,201
DA:51,100
DA:53,101
DA:56,2
DA:60,2
DA:63,102
DA:67,102
DA:70,102
DA:74,102
DA:77,102
DA:81,102
LF:34
LH:33
BRDA:40,0,0,100
BRDA:50,1,0,100
BRF:2
BRH:2
end_of_record
TN:
SF:src\gameobject\Task.ts
FN:13,(anonymous_0)
FN:26,(anonymous_1)
FN:30,(anonymous_2)
FN:38,(anonymous_3)
FN:42,(anonymous_4)
FN:46,(anonymous_5)
FN:50,(anonymous_6)
FN:54,(anonymous_7)
FN:58,(anonymous_8)
FN:62,(anonymous_9)
FN:66,(anonymous_10)
FN:70,(anonymous_11)
FNF:12
FNH:11
FNDA:32,(anonymous_0)
FNDA:110,(anonymous_1)
FNDA:201,(anonymous_2)
FNDA:2,(anonymous_3)
FNDA:2,(anonymous_4)
FNDA:100,(anonymous_5)
FNDA:100,(anonymous_6)
FNDA:6,(anonymous_7)
FNDA:3,(anonymous_8)
FNDA:6,(anonymous_9)
FNDA:3,(anonymous_10)
FNDA:0,(anonymous_11)
DA:5,2
DA:7,32
DA:8,32
DA:9,32
DA:10,32
DA:11,32
DA:15,32
DA:16,0
DA:19,32
DA:20,32
DA:21,32
DA:22,32
DA:23,32
DA:27,110
DA:31,201
DA:32,100
DA:35,101
DA:39,2
DA:43,2
DA:47,100
DA:51,100
DA:55,6
DA:59,3
DA:63,6
DA:67,3
DA:71,0
LF:26
LH:24
BRDA:15,0,0,0
BRDA:31,1,0,100
BRF:2
BRH:1
end_of_record
TN:
SF:src\gameobject\Week.ts
FN:11,(anonymous_0)
FN:20,(anonymous_1)
FN:24,(anonymous_2)
FN:27,(anonymous_3)
FN:31,(anonymous_4)
FN:34,(anonymous_5)
FN:38,(anonymous_6)
FN:41,(anonymous_7)
FN:45,(anonymous_8)
FNF:9
FNH:1
FNDA:1,(anonymous_0)
FNDA:0,(anonymous_1)
FNDA:0,(anonymous_2)
FNDA:0,(anonymous_3)
FNDA:0,(anonymous_4)
FNDA:0,(anonymous_5)
FNDA:0,(anonymous_6)
FNDA:0,(anonymous_7)
FNDA:0,(anonymous_8)
DA:4,1
DA:6,1
DA:7,1
DA:8,1
DA:9,1
DA:12,1
DA:13,1
DA:14,1
DA:15,1
DA:21,0
DA:25,0
DA:28,0
DA:32,0
DA:35,0
DA:39,0
DA:42,0
DA:46,0
LF:17
LH:9
BRF:0
BRH:0
end_of_record
TN:
SF:src\gameobject\contractor\Contractor.ts
FN:17,(anonymous_0)
FN:46,(anonymous_1)
FN:53,(anonymous_2)
FN:57,(anonymous_3)
FN:64,(anonymous_4)
FN:68,(anonymous_5)
FN:71,(anonymous_6)
FN:75,(anonymous_7)
FN:82,(anonymous_8)
FN:86,(anonymous_9)
FN:91,(anonymous_10)
FN:95,(anonymous_11)
FN:100,(anonymous_12)
FN:104,(anonymous_13)
FN:108,(anonymous_14)
FN:112,(anonymous_15)
FN:117,(anonymous_16)
FN:121,(anonymous_17)
FNF:18
FNH:18
FNDA:41,(anonymous_0)
FNDA:1664,(anonymous_1)
FNDA:102,(anonymous_2)
FNDA:201,(anonymous_3)
FNDA:8,(anonymous_4)
FNDA:8,(anonymous_5)
FNDA:101,(anonymous_6)
FNDA:201,(anonymous_7)
FNDA:100,(anonymous_8)
FNDA:300,(anonymous_9)
FNDA:100,(anonymous_10)
FNDA:300,(anonymous_11)
FNDA:100,(anonymous_12)
FNDA:300,(anonymous_13)
FNDA:100,(anonymous_14)
FNDA:300,(anonymous_15)
FNDA:100,(anonymous_16)
FNDA:300,(anonymous_17)
DA:3,3
DA:5,41
DA:6,41
DA:7,41
DA:10,41
DA:11,41
DA:12,41
DA:13,41
DA:14,41
DA:19,41
DA:20,0
DA:22,41
DA:23,0
DA:26,41
DA:27,41
DA:28,41
DA:29,41
DA:31,41
DA:32,41
DA:33,41
DA:35,41
DA:36,41
DA:37,41
DA:38,41
DA:40,41
DA:42,41
DA:47,1664
DA:48,1000
DA:54,102
DA:58,201
DA:59,100
DA:61,101
DA:65,8
DA:69,8
DA:72,101
DA:76,201
DA:77,100
DA:79,101
DA:83,100
DA:87,300
DA:88,100
DA:92,100
DA:96,300
DA:97,100
DA:101,100
DA:105,300
DA:106,100
DA:109,100
DA:113,300
DA:114,100
DA:118,100
DA:122,300
DA:123,100
LF:53
LH:51
BRDA:19,0,0,0
BRDA:22,1,0,0
BRDA:47,2,0,1000
BRDA:47,3,0,1664
BRDA:47,3,1,1164
BRDA:58,4,0,100
BRDA:76,5,0,100
BRF:7
BRH:5
end_of_record
TN:
SF:src\gameobject\contractor\ContractorType.ts
FN:1,(anonymous_0)
FN:16,stringToEnumContractorType
FNF:2
FNH:1
FNDA:2,(anonymous_0)
FNDA:0,stringToEnumContractorType
DA:1,2
DA:4,2
DA:5,2
DA:6,2
DA:7,2
DA:8,2
DA:9,2
DA:10,2
DA:11,2
DA:16,2
DA:17,0
DA:19,0
DA:22,0
DA:25,0
DA:28,0
DA:31,0
DA:34,0
DA:37,0
DA:40,0
DA:43,0
LF:20
LH:10
BRDA:1,0,0,2
BRDA:1,0,1,2
BRDA:17,1,0,0
BRDA:17,1,1,0
BRDA:17,1,2,0
BRDA:17,1,3,0
BRDA:17,1,4,0
BRDA:17,1,5,0
BRDA:17,1,6,0
BRDA:17,1,7,0
BRDA:17,1,8,0
BRF:11
BRH:2
end_of_record
TN:
SF:src\gameobject\event\Event.ts
FN:9,(anonymous_0)
FN:17,(anonymous_1)
FN:21,(anonymous_2)
FN:24,(anonymous_3)
FN:28,(anonymous_4)
FN:31,(anonymous_5)
FN:35,(anonymous_6)
FN:38,(anonymous_7)
FN:42,(anonymous_8)
FN:45,(anonymous_9)
FN:49,(anonymous_10)
FNF:11
FNH:11
FNDA:9,(anonymous_0)
FNDA:102,(anonymous_1)
FNDA:100,(anonymous_2)
FNDA:100,(anonymous_3)
FNDA:100,(anonymous_4)
FNDA:100,(anonymous_5)
FNDA:100,(anonymous_6)
FNDA:100,(anonymous_7)
FNDA:100,(anonymous_8)
FNDA:100,(anonymous_9)
FNDA:100,(anonymous_10)
DA:1,3
DA:3,9
DA:4,9
DA:5,9
DA:6,9
DA:7,9
DA:10,9
DA:11,9
DA:12,9
DA:13,9
DA:14,9
DA:18,102
DA:22,100
DA:25,100
DA:29,100
DA:32,100
DA:36,100
DA:39,100
DA:43,100
DA:46,100
DA:50,100
LF:21
LH:21
BRF:0
BRH:0
end_of_record
TN:
SF:src\gameobject\material\Material.ts
FN:12,(anonymous_0)
FN:19,(anonymous_1)
FN:23,(anonymous_2)
FN:26,(anonymous_3)
FN:30,(anonymous_4)
FN:34,(anonymous_5)
FN:38,(anonymous_6)
FN:42,(anonymous_7)
FN:46,(anonymous_8)
FNF:9
FNH:7
FNDA:10,(anonymous_0)
FNDA:103,(anonymous_1)
FNDA:100,(anonymous_2)
FNDA:5,(anonymous_3)
FNDA:5,(anonymous_4)
FNDA:100,(anonymous_5)
FNDA:100,(anonymous_6)
FNDA:0,(anonymous_7)
FNDA:0,(anonymous_8)
DA:5,2
DA:7,10
DA:8,10
DA:9,10
DA:10,10
DA:13,10
DA:14,10
DA:15,10
DA:16,10
DA:20,103
DA:24,100
DA:27,5
DA:31,5
DA:35,100
DA:39,100
DA:43,0
DA:47,0
LF:17
LH:15
BRF:0
BRH:0
end_of_record
TN:
SF:src\gameobject\material\MaterialCategory.ts
FN:2,(anonymous_0)
FN:10,stringToEnumMaterialCategory
FNF:2
FNH:1
FNDA:1,(anonymous_0)
FNDA:0,stringToEnumMaterialCategory
DA:2,1
DA:3,1
DA:4,1
DA:5,1
DA:6,1
DA:7,1
DA:10,1
DA:11,0
DA:13,0
DA:16,0
DA:19,0
DA:22,0
DA:25,0
LF:13
LH:7
BRDA:2,0,0,1
BRDA:2,0,1,1
BRDA:11,1,0,0
BRDA:11,1,1,0
BRDA:11,1,2,0
BRDA:11,1,3,0
BRDA:11,1,4,0
BRF:7
BRH:2
end_of_record
TN:
SF:src\gameobject\project\BridgeProject.ts
FN:17,(anonymous_0)
FN:27,(anonymous_1)
FN:31,(anonymous_2)
FN:34,(anonymous_3)
FN:38,(anonymous_4)
FN:41,(anonymous_5)
FN:45,(anonymous_6)
FN:48,(anonymous_7)
FN:52,(anonymous_8)
FN:55,(anonymous_9)
FN:59,(anonymous_10)
FN:62,(anonymous_11)
FN:66,(anonymous_12)
FN:69,(anonymous_13)
FN:73,(anonymous_14)
FNF:15
FNH:1
FNDA:1,(anonymous_0)
FNDA:0,(anonymous_1)
FNDA:0,(anonymous_2)
FNDA:0,(anonymous_3)
FNDA:0,(anonymous_4)
FNDA:0,(anonymous_5)
FNDA:0,(anonymous_6)
FNDA:0,(anonymous_7)
FNDA:0,(anonymous_8)
FNDA:0,(anonymous_9)
FNDA:0,(anonymous_10)
FNDA:0,(anonymous_11)
FNDA:0,(anonymous_12)
FNDA:0,(anonymous_13)
FNDA:0,(anonymous_14)
DA:8,1
DA:9,1
DA:10,1
DA:11,1
DA:12,1
DA:13,1
DA:14,1
DA:15,1
DA:18,1
DA:19,1
DA:20,1
DA:21,1
DA:22,1
DA:23,1
DA:24,1
DA:28,0
DA:32,0
DA:35,0
DA:39,0
DA:42,0
DA:46,0
DA:49,0
DA:53,0
DA:56,0
DA:60,0
DA:63,0
DA:67,0
DA:70,0
DA:74,0
LF:29
LH:15
BRF:0
BRH:0
end_of_record
