TN:
SF:src\config\BridgeProjectFactory.ts
FN:15,(anonymous_1)
FN:20,(anonymous_2)
FN:65,(anonymous_3)
FN:100,(anonymous_4)
FN:124,(anonymous_5)
FN:128,(anonymous_6)
FN:150,(anonymous_7)
FN:164,(anonymous_8)
FN:182,(anonymous_9)
FNF:9
FNH:9
FNDA:1,(anonymous_1)
FNDA:1,(anonymous_2)
FNDA:1,(anonymous_3)
FNDA:1,(anonymous_4)
FNDA:1,(anonymous_5)
FNDA:8,(anonymous_6)
FNDA:1,(anonymous_7)
FNDA:1,(anonymous_8)
FNDA:1,(anonymous_9)
DA:2,1
DA:4,1
DA:5,1
DA:6,1
DA:7,1
DA:8,1
DA:9,1
DA:10,1
DA:13,1
DA:22,1
DA:25,1
DA:28,1
DA:31,1
DA:34,1
DA:37,1
DA:40,1
DA:58,1
DA:61,1
DA:66,1
DA:67,1
DA:71,1
DA:72,9
DA:74,9
DA:78,9
DA:81,9
DA:82,8
DA:84,8
DA:87,8
DA:88,0
DA:93,9
DA:94,9
DA:97,1
DA:101,1
DA:102,1
DA:104,1
DA:105,1
DA:113,1
DA:116,1
DA:120,1
DA:125,1
DA:126,1
DA:128,1
DA:129,8
DA:132,1
DA:133,3
DA:141,3
DA:142,3
DA:146,1
DA:151,1
DA:152,1
DA:154,1
DA:155,2
DA:157,2
DA:158,2
DA:161,1
DA:165,1
DA:166,1
DA:168,1
DA:169,1
DA:172,1
DA:173,1
DA:174,1
DA:175,1
DA:178,1
DA:183,1
DA:184,1
DA:186,1
DA:187,1
DA:188,1
DA:191,1
DA:192,2
DA:193,2
DA:194,2
DA:200,1
DA:201,1
DA:206,1
LF:76
LH:75
BRDA:87,0,0,0
BRDA:173,1,0,1
BRDA:193,2,0,2
BRF:3
BRH:2
end_of_record
TN:
SF:src\gameobject\RiskManagementTool.ts
FN:14,(anonymous_0)
FN:28,(anonymous_1)
FN:32,(anonymous_2)
FN:35,(anonymous_3)
FN:39,(anonymous_4)
FN:45,(anonymous_5)
FN:49,(anonymous_6)
FN:55,(anonymous_7)
FN:59,(anonymous_8)
FN:62,(anonymous_9)
FN:66,(anonymous_10)
FN:69,(anonymous_11)
FN:73,(anonymous_12)
FN:76,(anonymous_13)
FN:80,(anonymous_14)
FNF:15
FNH:15
FNDA:18,(anonymous_0)
FNDA:101,(anonymous_1)
FNDA:100,(anonymous_2)
FNDA:101,(anonymous_3)
FNDA:201,(anonymous_4)
FNDA:101,(anonymous_5)
FNDA:201,(anonymous_6)
FNDA:1,(anonymous_7)
FNDA:1,(anonymous_8)
FNDA:102,(anonymous_9)
FNDA:102,(anonymous_10)
FNDA:102,(anonymous_11)
FNDA:102,(anonymous_12)
FNDA:102,(anonymous_13)
FNDA:102,(anonymous_14)
DA:4,2
DA:6,18
DA:7,18
DA:8,18
DA:9,18
DA:10,18
DA:11,18
DA:12,18
DA:15,18
DA:16,18
DA:17,18
DA:18,18
DA:19,18
DA:20,18
DA:21,18
DA:29,101
DA:33,100
DA:36,101
DA:40,201
DA:41,100
DA:43,101
DA:46,101
DA:50,201
DA:51,100
DA:53,101
DA:56,1
DA:60,1
DA:63,102
DA:67,102
DA:70,102
DA:74,102
DA:77,102
DA:81,102
LF:33
LH:33
BRDA:40,0,0,100
BRDA:50,1,0,100
BRF:2
BRH:2
end_of_record
TN:
SF:src\gameobject\Task.ts
FN:13,(anonymous_0)
FN:26,(anonymous_1)
FN:30,(anonymous_2)
FN:38,(anonymous_3)
FN:42,(anonymous_4)
FN:46,(anonymous_5)
FN:50,(anonymous_6)
FN:54,(anonymous_7)
FN:58,(anonymous_8)
FN:62,(anonymous_9)
FN:66,(anonymous_10)
FN:70,(anonymous_11)
FNF:12
FNH:12
FNDA:239,(anonymous_0)
FNDA:211,(anonymous_1)
FNDA:202,(anonymous_2)
FNDA:2,(anonymous_3)
FNDA:2,(anonymous_4)
FNDA:100,(anonymous_5)
FNDA:100,(anonymous_6)
FNDA:6,(anonymous_7)
FNDA:3,(anonymous_8)
FNDA:9,(anonymous_9)
FNDA:3,(anonymous_10)
FNDA:11,(anonymous_11)
DA:5,2
DA:7,239
DA:8,239
DA:9,239
DA:10,239
DA:11,239
DA:15,239
DA:16,101
DA:19,138
DA:20,138
DA:21,138
DA:22,138
DA:23,138
DA:27,211
DA:31,202
DA:32,101
DA:35,101
DA:39,2
DA:43,2
DA:47,100
DA:51,100
DA:55,6
DA:59,3
DA:63,9
DA:67,3
DA:71,11
LF:26
LH:26
BRDA:15,0,0,101
BRDA:31,1,0,101
BRF:2
BRH:2
end_of_record
TN:
SF:src\gameobject\Week.ts
FN:10,(anonymous_0)
FN:19,(anonymous_1)
FN:23,(anonymous_2)
FN:26,(anonymous_3)
FN:30,(anonymous_4)
FN:33,(anonymous_5)
FN:37,(anonymous_6)
FN:40,(anonymous_7)
FN:44,(anonymous_8)
FNF:9
FNH:1
FNDA:1,(anonymous_0)
FNDA:0,(anonymous_1)
FNDA:0,(anonymous_2)
FNDA:0,(anonymous_3)
FNDA:0,(anonymous_4)
FNDA:0,(anonymous_5)
FNDA:0,(anonymous_6)
FNDA:0,(anonymous_7)
FNDA:0,(anonymous_8)
DA:3,1
DA:5,1
DA:6,1
DA:7,1
DA:8,1
DA:11,1
DA:12,1
DA:13,1
DA:14,1
DA:20,0
DA:24,0
DA:27,0
DA:31,0
DA:34,0
DA:38,0
DA:41,0
DA:45,0
LF:17
LH:9
BRF:0
BRH:0
end_of_record
TN:
SF:src\gameobject\contractor\Contractor.ts
FN:17,(anonymous_0)
FN:46,(anonymous_1)
FN:53,(anonymous_2)
FN:57,(anonymous_3)
FN:64,(anonymous_4)
FN:68,(anonymous_5)
FN:71,(anonymous_6)
FN:75,(anonymous_7)
FN:82,(anonymous_8)
FN:86,(anonymous_9)
FN:91,(anonymous_10)
FN:95,(anonymous_11)
FN:100,(anonymous_12)
FN:104,(anonymous_13)
FN:108,(anonymous_14)
FN:112,(anonymous_15)
FN:117,(anonymous_16)
FN:121,(anonymous_17)
FNF:18
FNH:18
FNDA:458,(anonymous_0)
FNDA:2524,(anonymous_1)
FNDA:214,(anonymous_2)
FNDA:202,(anonymous_3)
FNDA:8,(anonymous_4)
FNDA:8,(anonymous_5)
FNDA:202,(anonymous_6)
FNDA:202,(anonymous_7)
FNDA:100,(anonymous_8)
FNDA:300,(anonymous_9)
FNDA:100,(anonymous_10)
FNDA:300,(anonymous_11)
FNDA:100,(anonymous_12)
FNDA:300,(anonymous_13)
FNDA:100,(anonymous_14)
FNDA:300,(anonymous_15)
FNDA:100,(anonymous_16)
FNDA:300,(anonymous_17)
DA:3,3
DA:5,458
DA:6,458
DA:7,458
DA:10,458
DA:11,458
DA:12,458
DA:13,458
DA:14,458
DA:19,458
DA:20,101
DA:22,357
DA:23,101
DA:26,256
DA:27,256
DA:28,256
DA:29,256
DA:31,256
DA:32,256
DA:33,256
DA:35,256
DA:36,256
DA:37,256
DA:38,256
DA:40,256
DA:42,256
DA:47,2524
DA:48,1000
DA:54,214
DA:58,202
DA:59,101
DA:61,101
DA:65,8
DA:69,8
DA:72,202
DA:76,202
DA:77,101
DA:79,101
DA:83,100
DA:87,300
DA:88,100
DA:92,100
DA:96,300
DA:97,100
DA:101,100
DA:105,300
DA:106,100
DA:109,100
DA:113,300
DA:114,100
DA:118,100
DA:122,300
DA:123,100
LF:53
LH:53
BRDA:19,0,0,101
BRDA:22,1,0,101
BRDA:47,2,0,1000
BRDA:47,3,0,2524
BRDA:47,3,1,2024
BRDA:58,4,0,101
BRDA:76,5,0,101
BRF:7
BRH:7
end_of_record
TN:
SF:src\gameobject\contractor\ContractorType.ts
FN:1,(anonymous_0)
FNF:1
FNH:1
FNDA:3,(anonymous_0)
DA:1,3
DA:4,3
DA:5,3
DA:6,3
DA:7,3
DA:8,3
DA:9,3
DA:10,3
DA:11,3
LF:9
LH:9
BRDA:1,0,0,3
BRDA:1,0,1,3
BRF:2
BRH:2
end_of_record
TN:
SF:src\gameobject\event\Event.ts
FN:9,(anonymous_0)
FN:17,(anonymous_1)
FN:21,(anonymous_2)
FN:24,(anonymous_3)
FN:28,(anonymous_4)
FN:31,(anonymous_5)
FN:35,(anonymous_6)
FN:38,(anonymous_7)
FN:42,(anonymous_8)
FN:45,(anonymous_9)
FN:49,(anonymous_10)
FNF:11
FNH:11
FNDA:31,(anonymous_0)
FNDA:102,(anonymous_1)
FNDA:100,(anonymous_2)
FNDA:100,(anonymous_3)
FNDA:100,(anonymous_4)
FNDA:102,(anonymous_5)
FNDA:102,(anonymous_6)
FNDA:102,(anonymous_7)
FNDA:102,(anonymous_8)
FNDA:102,(anonymous_9)
FNDA:102,(anonymous_10)
DA:1,3
DA:3,31
DA:4,31
DA:5,31
DA:6,31
DA:7,31
DA:10,31
DA:11,31
DA:12,31
DA:13,31
DA:14,31
DA:18,102
DA:22,100
DA:25,100
DA:29,100
DA:32,102
DA:36,102
DA:39,102
DA:43,102
DA:46,102
DA:50,102
LF:21
LH:21
BRF:0
BRH:0
end_of_record
TN:
SF:src\gameobject\material\Material.ts
FN:12,(anonymous_0)
FN:19,(anonymous_1)
FN:23,(anonymous_2)
FN:26,(anonymous_3)
FN:30,(anonymous_4)
FN:34,(anonymous_5)
FN:39,(anonymous_6)
FN:46,(anonymous_7)
FN:50,(anonymous_8)
FNF:9
FNH:9
FNDA:17,(anonymous_0)
FNDA:103,(anonymous_1)
FNDA:100,(anonymous_2)
FNDA:5,(anonymous_3)
FNDA:5,(anonymous_4)
FNDA:101,(anonymous_5)
FNDA:202,(anonymous_6)
FNDA:101,(anonymous_7)
FNDA:202,(anonymous_8)
DA:5,2
DA:7,17
DA:8,17
DA:9,17
DA:10,17
DA:13,17
DA:14,17
DA:15,17
DA:16,17
DA:20,103
DA:24,100
DA:27,5
DA:31,5
DA:36,101
DA:40,202
DA:41,101
DA:43,101
DA:47,101
DA:51,202
DA:52,101
DA:54,101
LF:21
LH:21
BRDA:40,0,0,101
BRDA:51,1,0,101
BRF:2
BRH:2
end_of_record
TN:
SF:src\gameobject\material\MaterialCategory.ts
FN:2,(anonymous_0)
FNF:1
FNH:1
FNDA:1,(anonymous_0)
DA:2,1
DA:3,1
DA:4,1
DA:5,1
DA:6,1
DA:7,1
LF:6
LH:6
BRDA:2,0,0,1
BRDA:2,0,1,1
BRF:2
BRH:2
end_of_record
TN:
SF:src\gameobject\project\BridgeProject.ts
FN:17,(anonymous_0)
FN:27,(anonymous_1)
FN:31,(anonymous_2)
FN:34,(anonymous_3)
FN:38,(anonymous_4)
FN:41,(anonymous_5)
FN:45,(anonymous_6)
FN:48,(anonymous_7)
FN:52,(anonymous_8)
FN:55,(anonymous_9)
FN:59,(anonymous_10)
FN:62,(anonymous_11)
FN:66,(anonymous_12)
FN:69,(anonymous_13)
FN:73,(anonymous_14)
FNF:15
FNH:1
FNDA:1,(anonymous_0)
FNDA:0,(anonymous_1)
FNDA:0,(anonymous_2)
FNDA:0,(anonymous_3)
FNDA:0,(anonymous_4)
FNDA:0,(anonymous_5)
FNDA:0,(anonymous_6)
FNDA:0,(anonymous_7)
FNDA:0,(anonymous_8)
FNDA:0,(anonymous_9)
FNDA:0,(anonymous_10)
FNDA:0,(anonymous_11)
FNDA:0,(anonymous_12)
FNDA:0,(anonymous_13)
FNDA:0,(anonymous_14)
DA:8,1
DA:9,1
DA:10,1
DA:11,1
DA:12,1
DA:13,1
DA:14,1
DA:15,1
DA:18,1
DA:19,1
DA:20,1
DA:21,1
DA:22,1
DA:23,1
DA:24,1
DA:28,0
DA:32,0
DA:35,0
DA:39,0
DA:42,0
DA:46,0
DA:49,0
DA:53,0
DA:56,0
DA:60,0
DA:63,0
DA:67,0
DA:70,0
DA:74,0
LF:29
LH:15
BRF:0
BRH:0
end_of_record
